"../../../../../Users/CCame/Documents/Unreal Projects/GamesOne/Content/StarterContent/Textures/T_MacroVariation.uasset" 0
"../../../../../Users/CCame/Documents/Unreal Projects/GamesOne/Content/StarterContent/Textures/T_Metal_Gold_D.uasset" 1
"../../../../../Users/CCame/Documents/Unreal Projects/GamesOne/Content/StarterContent/Textures/T_Metal_Gold_N.uasset" 2
"../../../../../Users/CCame/Documents/Unreal Projects/GamesOne/Content/StarterContent/Materials/M_Metal_Gold.uasset" 3
"../../../../../Users/CCame/Documents/Unreal Projects/GamesOne/Content/StarterContent/Textures/T_Shelf_M.uasset" 4
"../../../../../Users/CCame/Documents/Unreal Projects/GamesOne/Content/StarterContent/Textures/T_Shelf_N.uasset" 5
"../../../../../Users/CCame/Documents/Unreal Projects/GamesOne/Content/StarterContent/Props/Materials/M_Shelf.uasset" 6
"../../../../../Users/CCame/Documents/Unreal Projects/GamesOne/Content/StarterContent/Textures/T_Statue_M.uasset" 7
"../../../../../Users/CCame/Documents/Unreal Projects/GamesOne/Content/StarterContent/Textures/T_Statue_N.uasset" 8
"../../../../../Users/CCame/Documents/Unreal Projects/GamesOne/Content/StarterContent/Props/Materials/M_Statue.uasset" 9
"../../../../../Users/CCame/Documents/Unreal Projects/GamesOne/Content/StarterContent/Props/Materials/M_StatueGlass.uasset" 10
"../../../../../Users/CCame/Documents/Unreal Projects/GamesOne/Content/StarterContent/Props/SM_Statue.uasset" 11
"../../../../../Users/CCame/Documents/Unreal Projects/GamesOne/Content/BP_MovablePawn.uasset" 12
"../../../../../Users/CCame/Documents/Unreal Projects/GamesOne/Content/EndLevel.uasset" 13
"../../../../../Users/CCame/Documents/Unreal Projects/GamesOne/Content/Level.uasset" 14
"../../../../../Users/CCame/Documents/Unreal Projects/GamesOne/Content/Level_22.uasset" 15
"../../../../../Users/CCame/Documents/Unreal Projects/GamesOne/Content/Level_2_BuiltData.uasset" 16
"../../../../../Users/CCame/Documents/Unreal Projects/GamesOne/Content/Level_22_BuiltData.uasset" 17
"../../../../../Users/CCame/Documents/Unreal Projects/GamesOne/Content/Level_1_BuiltData.uasset" 18
"../../../../../Users/CCame/Documents/Unreal Projects/GamesOne/Content/Level_BuiltData.uasset" 19
"../../../../../Users/CCame/Documents/Unreal Projects/GamesOne/Content/AnimStarterPack/UE4_Mannequin/Mesh/UE4_Mannequin_Skeleton.uasset" 20
"../../../../../Users/CCame/Documents/Unreal Projects/GamesOne/Content/AnimStarterPack/Aim_Space_Hip.uasset" 21
"../../../Engine/Content/Animation/DefaultAnimBoneCompressionSettings.uasset" 22
"../../../../../Users/CCame/Documents/Unreal Projects/GamesOne/Content/AnimStarterPack/Aim_Space_Ironsights.uasset" 23
"../../../../../Users/CCame/Documents/Unreal Projects/GamesOne/Content/AnimStarterPack/Crouch_to_Stand_Rifle_Hip.uasset" 24
"../../../../../Users/CCame/Documents/Unreal Projects/GamesOne/Content/AnimStarterPack/Crouch_to_Stand_Rifle_Ironsights.uasset" 25
"../../../../../Users/CCame/Documents/Unreal Projects/GamesOne/Content/AnimStarterPack/Crouch_Walk_Bwd_Rifle_Ironsights.uasset" 26
"../../../../../Users/CCame/Documents/Unreal Projects/GamesOne/Content/AnimStarterPack/Crouch_Walk_Lt_Rifle_Ironsights.uasset" 27
"../../../../../Users/CCame/Documents/Unreal Projects/GamesOne/Content/AnimStarterPack/Crouch_Walk_Rt_Rifle_Ironsights.uasset" 28
"../../../../../Users/CCame/Documents/Unreal Projects/GamesOne/Content/AnimStarterPack/Death_1.uasset" 29
"../../../../../Users/CCame/Documents/Unreal Projects/GamesOne/Content/AnimStarterPack/Death_2.uasset" 30
"../../../../../Users/CCame/Documents/Unreal Projects/GamesOne/Content/AnimStarterPack/Death_3.uasset" 31
"../../../../../Users/CCame/Documents/Unreal Projects/GamesOne/Content/AnimStarterPack/Death_Ironsights_1.uasset" 32
"../../../../../Users/CCame/Documents/Unreal Projects/GamesOne/Content/AnimStarterPack/Death_Ironsights_2.uasset" 33
"../../../../../Users/CCame/Documents/Unreal Projects/GamesOne/Content/AnimStarterPack/Equip_Rifle_Standing.uasset" 34
"../../../../../Users/CCame/Documents/Unreal Projects/GamesOne/Content/AnimStarterPack/Fire_Rifle_Hip.uasset" 35
"../../../../../Users/CCame/Documents/Unreal Projects/GamesOne/Content/AnimStarterPack/Fire_Shotgun_Hip.uasset" 36
"../../../../../Users/CCame/Documents/Unreal Projects/GamesOne/Content/AnimStarterPack/Fire_Shotgun_Ironsights.uasset" 37
"../../../../../Users/CCame/Documents/Unreal Projects/GamesOne/Content/AnimStarterPack/Hit_React_4.uasset" 38
"../../../../../Users/CCame/Documents/Unreal Projects/GamesOne/Content/AnimStarterPack/Idle_Pistol.uasset" 39
"../../../../../Users/CCame/Documents/Unreal Projects/GamesOne/Content/AnimStarterPack/Jump_From_Stand_Ironsights.uasset" 40
"../../../../../Users/CCame/Documents/Unreal Projects/GamesOne/Content/AnimStarterPack/Prone_Death_1.uasset" 41
"../../../../../Users/CCame/Documents/Unreal Projects/GamesOne/Content/AnimStarterPack/Prone_Death_2.uasset" 42
"../../../../../Users/CCame/Documents/Unreal Projects/GamesOne/Content/AnimStarterPack/Prone_Fire_1.uasset" 43
"../../../../../Users/CCame/Documents/Unreal Projects/GamesOne/Content/AnimStarterPack/Prone_Fire_2.uasset" 44
"../../../../../Users/CCame/Documents/Unreal Projects/GamesOne/Content/AnimStarterPack/Prone_Reload_Rifle.uasset" 45
"../../../../../Users/CCame/Documents/Unreal Projects/GamesOne/Content/AnimStarterPack/Prone_Reload_Shotgun.uasset" 46
"../../../../../Users/CCame/Documents/Unreal Projects/GamesOne/Content/AnimStarterPack/Prone_To_Stand.uasset" 47
"../../../../../Users/CCame/Documents/Unreal Projects/GamesOne/Content/AnimStarterPack/Reload_Pistol.uasset" 48
"../../../../../Users/CCame/Documents/Unreal Projects/GamesOne/Content/AnimStarterPack/Reload_Rifle_Ironsights.uasset" 49
"../../../../../Users/CCame/Documents/Unreal Projects/GamesOne/Content/AnimStarterPack/Reload_Shotgun_Hip.uasset" 50
"../../../../../Users/CCame/Documents/Unreal Projects/GamesOne/Content/AnimStarterPack/Reload_Shotgun_Ironsights.uasset" 51
"../../../../../Users/CCame/Documents/Unreal Projects/GamesOne/Content/AnimStarterPack/Sprint_Fwd_Rifle.uasset" 52
"../../../../../Users/CCame/Documents/Unreal Projects/GamesOne/Content/AnimStarterPack/Stand_to_Crouch_Rifle_Hip.uasset" 53
"../../../../../Users/CCame/Documents/Unreal Projects/GamesOne/Content/AnimStarterPack/Stand_to_Crouch_Rifle_Ironsights.uasset" 54
"../../../../../Users/CCame/Documents/Unreal Projects/GamesOne/Content/AnimStarterPack/Stand_To_Prone.uasset" 55
"../../../../../Users/CCame/Documents/Unreal Projects/GamesOne/Content/FPS_Weapon_Bundle/Weapons/Textures/KA74U/T_KA74U_ALB.uasset" 56
"../../../../../Users/CCame/Documents/Unreal Projects/GamesOne/Content/FPS_Weapon_Bundle/Weapons/Textures/KA74U/T_KA74U_M_MSK.uasset" 57
"../../../../../Users/CCame/Documents/Unreal Projects/GamesOne/Content/FPS_Weapon_Bundle/Weapons/Textures/KA74U/T_KA74U_NRM.uasset" 58
"../../../../../Users/CCame/Documents/Unreal Projects/GamesOne/Content/FPS_Weapon_Bundle/Weapons/Textures/Patterns/T_Stripes__Pattern.uasset" 59
"../../../../../Users/CCame/Documents/Unreal Projects/GamesOne/Content/FPS_Weapon_Bundle/Weapons/Materials/Master_Material/M_Weapon_Master_USE.uasset" 60
"../../../../../Users/CCame/Documents/Unreal Projects/GamesOne/Content/FPS_Weapon_Bundle/Weapons/Textures/Accessories/T_V_Grip_ALB.uasset" 61
"../../../../../Users/CCame/Documents/Unreal Projects/GamesOne/Content/FPS_Weapon_Bundle/Weapons/Textures/Accessories/T_V_Grip_M_MSK.uasset" 62
"../../../../../Users/CCame/Documents/Unreal Projects/GamesOne/Content/FPS_Weapon_Bundle/Weapons/Textures/Accessories/T_V_Grip_NRM.uasset" 63
"../../../../../Users/CCame/Documents/Unreal Projects/GamesOne/Content/FPS_Weapon_Bundle/Weapons/Materials/Accessories/M_V_Grip.uasset" 64
"../../../../../Users/CCame/Documents/Unreal Projects/GamesOne/Content/FPS_Weapon_Bundle/Weapons/Materials/Accessories/M_V_Grip_Green.uasset" 65
"../../../../../Users/CCame/Documents/Unreal Projects/GamesOne/Content/FPS_Weapon_Bundle/Weapons/Textures/AR4/T_AR4_ALB.uasset" 66
"../../../../../Users/CCame/Documents/Unreal Projects/GamesOne/Content/FPS_Weapon_Bundle/Weapons/Textures/AR4/T_AR4_M_MSK.uasset" 67
"../../../../../Users/CCame/Documents/Unreal Projects/GamesOne/Content/FPS_Weapon_Bundle/Weapons/Textures/AR4/T_AR4_NRM.uasset" 68
"../../../../../Users/CCame/Documents/Unreal Projects/GamesOne/Content/FPS_Weapon_Bundle/Weapons/Textures/Patterns/T_Desert_Marpat_Pattern.uasset" 69
"../../../../../Users/CCame/Documents/Unreal Projects/GamesOne/Content/FPS_Weapon_Bundle/Weapons/Materials/AR4/M_AR4_Pattern.uasset" 70
"../../../../../Users/CCame/Documents/Unreal Projects/GamesOne/Content/FPS_Weapon_Bundle/Weapons/Textures/KA47/T_KA47_Gold_ALB.uasset" 71
"../../../../../Users/CCame/Documents/Unreal Projects/GamesOne/Content/FPS_Weapon_Bundle/Weapons/Textures/KA47/T_KA47_Gold_M_MSK.uasset" 72
"../../../../../Users/CCame/Documents/Unreal Projects/GamesOne/Content/FPS_Weapon_Bundle/Weapons/Textures/KA47/T_KA47_NRM.uasset" 73
"../../../../../Users/CCame/Documents/Unreal Projects/GamesOne/Content/FPS_Weapon_Bundle/Weapons/Materials/Ka47/M_KA47_Gold.uasset" 74
"../../../../../Users/CCame/Documents/Unreal Projects/GamesOne/Content/FPS_Weapon_Bundle/Weapons/Textures/KA47/T_KA47_ALB.uasset" 75
"../../../../../Users/CCame/Documents/Unreal Projects/GamesOne/Content/FPS_Weapon_Bundle/Weapons/Textures/KA47/T_KA47_M_MSK.uasset" 76
"../../../../../Users/CCame/Documents/Unreal Projects/GamesOne/Content/FPS_Weapon_Bundle/Weapons/Materials/Ka47/M_KA47.uasset" 77
"../../../../../Users/CCame/Documents/Unreal Projects/GamesOne/Content/FPS_Weapon_Bundle/Weapons/Materials/Ka47/M_KA47_Pattern.uasset" 78
"../../../../../Users/CCame/Documents/Unreal Projects/GamesOne/Content/FPS_Weapon_Bundle/Weapons/Materials/KA74U/M_KA74U.uasset" 79
"../../../../../Users/CCame/Documents/Unreal Projects/GamesOne/Content/FPS_Weapon_Bundle/Weapons/Textures/KA74U/T_KA74U_Gold_ALB.uasset" 80
"../../../../../Users/CCame/Documents/Unreal Projects/GamesOne/Content/FPS_Weapon_Bundle/Weapons/Textures/KA74U/T_KA74U_Gold_M_MSK.uasset" 81
"../../../../../Users/CCame/Documents/Unreal Projects/GamesOne/Content/FPS_Weapon_Bundle/Weapons/Materials/KA74U/M_KA74U_Gold.uasset" 82
"../../../../../Users/CCame/Documents/Unreal Projects/GamesOne/Content/FPS_Weapon_Bundle/Weapons/Textures/Patterns/T_LeafSpray_Pattern.uasset" 83
"../../../../../Users/CCame/Documents/Unreal Projects/GamesOne/Content/FPS_Weapon_Bundle/Weapons/Materials/KA74U/M_KA74U_LeafSpray.uasset" 84
"../../../../../Users/CCame/Documents/Unreal Projects/GamesOne/Content/FPS_Weapon_Bundle/Weapons/Textures/KA_Val/T_KA_Val_ALB.uasset" 85
"../../../../../Users/CCame/Documents/Unreal Projects/GamesOne/Content/FPS_Weapon_Bundle/Weapons/Textures/KA_Val/T_KA_Val_M_MSK.uasset" 86
"../../../../../Users/CCame/Documents/Unreal Projects/GamesOne/Content/FPS_Weapon_Bundle/Weapons/Textures/KA_Val/T_KA_Val_NRM.uasset" 87
"../../../../../Users/CCame/Documents/Unreal Projects/GamesOne/Content/FPS_Weapon_Bundle/Weapons/Materials/KA_Val/M_KA_Val.uasset" 88
"../../../../../Users/CCame/Documents/Unreal Projects/GamesOne/Content/FPS_Weapon_Bundle/Weapons/Textures/KA_Val/T_KA_Val_Black_ALB.uasset" 89
"../../../../../Users/CCame/Documents/Unreal Projects/GamesOne/Content/FPS_Weapon_Bundle/Weapons/Materials/KA_Val/M_KA_Val_Black.uasset" 90
"../../../../../Users/CCame/Documents/Unreal Projects/GamesOne/Content/FPS_Weapon_Bundle/Weapons/Textures/Patterns/T_Wood_Marpat_Pattern.uasset" 91
"../../../../../Users/CCame/Documents/Unreal Projects/GamesOne/Content/FPS_Weapon_Bundle/Weapons/Materials/KA_Val/M_KA_Val_Black_Camo.uasset" 92
"../../../../../Users/CCame/Documents/Unreal Projects/GamesOne/Content/FPS_Weapon_Bundle/Weapons/Materials/KA_Val/M_KA_Val_Black_Striped.uasset" 93
"../../../../../Users/CCame/Documents/Unreal Projects/GamesOne/Content/FPS_Weapon_Bundle/Weapons/Textures/RDS/T_RDS_01.uasset" 94
"../../../../../Users/CCame/Documents/Unreal Projects/GamesOne/Content/FPS_Weapon_Bundle/Weapons/Materials/Master_Material/M_RDS_Master.uasset" 95
"../../../../../Users/CCame/Documents/Unreal Projects/GamesOne/Content/FPS_Weapon_Bundle/Weapons/Materials/RDS/M_RDS_01.uasset" 96
"../../../../../Users/CCame/Documents/Unreal Projects/GamesOne/Content/FPS_Weapon_Bundle/Weapons/Textures/RDS/T_RDS_02.uasset" 97
"../../../../../Users/CCame/Documents/Unreal Projects/GamesOne/Content/FPS_Weapon_Bundle/Weapons/Materials/RDS/M_RDS_02.uasset" 98
"../../../../../Users/CCame/Documents/Unreal Projects/GamesOne/Content/FPS_Weapon_Bundle/Weapons/Textures/RDS/T_RDS_03.uasset" 99
"../../../../../Users/CCame/Documents/Unreal Projects/GamesOne/Content/FPS_Weapon_Bundle/Weapons/Materials/RDS/M_RDS_03.uasset" 100
"../../../../../Users/CCame/Documents/Unreal Projects/GamesOne/Content/FPS_Weapon_Bundle/Weapons/Textures/SMG11/T_SMG11_ALB.uasset" 101
"../../../../../Users/CCame/Documents/Unreal Projects/GamesOne/Content/FPS_Weapon_Bundle/Weapons/Textures/SMG11/T_SMG11_M_MSK.uasset" 102
"../../../../../Users/CCame/Documents/Unreal Projects/GamesOne/Content/FPS_Weapon_Bundle/Weapons/Textures/SMG11/T_SMG11_NRM.uasset" 103
"../../../../../Users/CCame/Documents/Unreal Projects/GamesOne/Content/FPS_Weapon_Bundle/Weapons/Materials/SMG11/M_SMG11.uasset" 104
"../../../../../Users/CCame/Documents/Unreal Projects/GamesOne/Content/FPS_Weapon_Bundle/Weapons/Textures/Patterns/T_Urban_Marpat_Pattern.uasset" 105
"../../../../../Users/CCame/Documents/Unreal Projects/GamesOne/Content/FPS_Weapon_Bundle/Weapons/Materials/SMG11/M_SMG11_Camo.uasset" 106
"../../../../../Users/CCame/Documents/Unreal Projects/GamesOne/Content/FPS_Weapon_Bundle/Weapons/Materials/SMG11/M_SMG11_Color.uasset" 107
"../../../../../Users/CCame/Documents/Unreal Projects/GamesOne/Content/FPS_Weapon_Bundle/Weapons/Textures/Accessories/T_Scope_25x56_ALB.uasset" 108
"../../../../../Users/CCame/Documents/Unreal Projects/GamesOne/Content/FPS_Weapon_Bundle/Weapons/Textures/Accessories/T_Scope_25x56_M_MSK.uasset" 109
"../../../../../Users/CCame/Documents/Unreal Projects/GamesOne/Content/FPS_Weapon_Bundle/Weapons/Textures/Accessories/T_Scope_25x56_NRM.uasset" 110
"../../../../../Users/CCame/Documents/Unreal Projects/GamesOne/Content/FPS_Weapon_Bundle/Weapons/Materials/Accessories/M_Scope_25x56.uasset" 111
"../../../../../Users/CCame/Documents/Unreal Projects/GamesOne/Content/FPS_Weapon_Bundle/Weapons/Textures/Accessories/T_Scope_25x56_Lens_ALB.uasset" 112
"../../../../../Users/CCame/Documents/Unreal Projects/GamesOne/Content/FPS_Weapon_Bundle/Weapons/Textures/Accessories/T_Scope_25x56_Lens_M_MSK.uasset" 113
"../../../../../Users/CCame/Documents/Unreal Projects/GamesOne/Content/FPS_Weapon_Bundle/Weapons/Materials/Master_Material/M_Scope_Lens_MASTER.uasset" 114
"../../../../../Users/CCame/Documents/Unreal Projects/GamesOne/Content/FPS_Weapon_Bundle/Weapons/Materials/Accessories/M_Scope_25x56_Lens.uasset" 115
"../../../../../Users/CCame/Documents/Unreal Projects/GamesOne/Content/FPS_Weapon_Bundle/Weapons/Meshes/Accessories/SM_Scope_25x56_X.uasset" 116
"../../../../../Users/CCame/Documents/Unreal Projects/GamesOne/Content/FPS_Weapon_Bundle/Weapons/Textures/Ammunition/T_762x39_ALB.uasset" 117
"../../../../../Users/CCame/Documents/Unreal Projects/GamesOne/Content/FPS_Weapon_Bundle/Weapons/Textures/Ammunition/T_762x39_M_MSK.uasset" 118
"../../../../../Users/CCame/Documents/Unreal Projects/GamesOne/Content/FPS_Weapon_Bundle/Weapons/Textures/Ammunition/T_762x39_NRM.uasset" 119
"../../../../../Users/CCame/Documents/Unreal Projects/GamesOne/Content/FPS_Weapon_Bundle/Weapons/Materials/Ammunition/M_762x39_Empty.uasset" 120
"../../../../../Users/CCame/Documents/Unreal Projects/GamesOne/Content/FPS_Weapon_Bundle/Weapons/Materials/AR4/M_AR4.uasset" 121
"../../../../../Users/CCame/Documents/Unreal Projects/GamesOne/Content/FPS_Weapon_Bundle/Weapons/Meshes/AR4/SK_AR4_X_Physics.uasset" 122
"../../../../../Users/CCame/Documents/Unreal Projects/GamesOne/Content/FPS_Weapon_Bundle/Weapons/Meshes/AR4/SK_AR4_X_Skeleton.uasset" 123
"../../../../../Users/CCame/Documents/Unreal Projects/GamesOne/Content/FPS_Weapon_Bundle/Weapons/Meshes/AR4/SK_AR4_X.uasset" 124
"../../../../../Users/CCame/Documents/Unreal Projects/GamesOne/Content/FPS_Weapon_Bundle/Weapons/Meshes/AR4/SM_AR4.uasset" 125
"../../../../../Users/CCame/Documents/Unreal Projects/GamesOne/Content/FPS_Weapon_Bundle/Weapons/Meshes/AR4/SM_AR4_X.uasset" 126
"../../../../../Users/CCame/Documents/Unreal Projects/GamesOne/Content/FPS_Weapon_Bundle/Weapons/Textures/G67_Grenade/T_G67_ALB.uasset" 127
"../../../../../Users/CCame/Documents/Unreal Projects/GamesOne/Content/FPS_Weapon_Bundle/Weapons/Textures/G67_Grenade/T_G67_M_MSK.uasset" 128
"../../../../../Users/CCame/Documents/Unreal Projects/GamesOne/Content/FPS_Weapon_Bundle/Weapons/Textures/G67_Grenade/T_G67_NRM.uasset" 129
"../../../../../Users/CCame/Documents/Unreal Projects/GamesOne/Content/FPS_Weapon_Bundle/Weapons/Materials/G67_Grenade/M_G67.uasset" 130
"../../../../../Users/CCame/Documents/Unreal Projects/GamesOne/Content/FPS_Weapon_Bundle/Weapons/Meshes/G67_Grenade/SK_G67_Physics.uasset" 131
"../../../../../Users/CCame/Documents/Unreal Projects/GamesOne/Content/FPS_Weapon_Bundle/Weapons/Meshes/G67_Grenade/SK_G67_Skeleton.uasset" 132
"../../../../../Users/CCame/Documents/Unreal Projects/GamesOne/Content/FPS_Weapon_Bundle/Weapons/Meshes/G67_Grenade/SK_G67.uasset" 133
"../../../../../Users/CCame/Documents/Unreal Projects/GamesOne/Content/FPS_Weapon_Bundle/Weapons/Meshes/G67_Grenade/SM_G67.uasset" 134
"../../../../../Users/CCame/Documents/Unreal Projects/GamesOne/Content/FPS_Weapon_Bundle/Weapons/Meshes/G67_Grenade/SM_G67_X.uasset" 135
"../../../../../Users/CCame/Documents/Unreal Projects/GamesOne/Content/FPS_Weapon_Bundle/Weapons/Meshes/Ka47/SK_KA47_X_Physics.uasset" 136
"../../../../../Users/CCame/Documents/Unreal Projects/GamesOne/Content/FPS_Weapon_Bundle/Weapons/Meshes/Ka47/SK_KA47_X_Skeleton.uasset" 137
"../../../../../Users/CCame/Documents/Unreal Projects/GamesOne/Content/FPS_Weapon_Bundle/Weapons/Meshes/Ka47/SK_KA47_X.uasset" 138
"../../../../../Users/CCame/Documents/Unreal Projects/GamesOne/Content/FPS_Weapon_Bundle/Weapons/Meshes/Ka47/SM_KA47.uasset" 139
"../../../../../Users/CCame/Documents/Unreal Projects/GamesOne/Content/FPS_Weapon_Bundle/Weapons/Meshes/Ka47/SM_KA47_X.uasset" 140
"../../../../../Users/CCame/Documents/Unreal Projects/GamesOne/Content/FPS_Weapon_Bundle/Weapons/Meshes/KA74U/SK_KA74U_X_Physics.uasset" 141
"../../../../../Users/CCame/Documents/Unreal Projects/GamesOne/Content/FPS_Weapon_Bundle/Weapons/Meshes/KA74U/SK_KA74U_X_Skeleton.uasset" 142
"../../../../../Users/CCame/Documents/Unreal Projects/GamesOne/Content/FPS_Weapon_Bundle/Weapons/Meshes/KA74U/SK_KA74U_X.uasset" 143
"../../../../../Users/CCame/Documents/Unreal Projects/GamesOne/Content/FPS_Weapon_Bundle/Weapons/Meshes/KA74U/SM_KA74U_Mag_Empty_Y.uasset" 144
"../../../../../Users/CCame/Documents/Unreal Projects/GamesOne/Content/FPS_Weapon_Bundle/Weapons/Meshes/KA74U/SM_KA74U_Mag_Y.uasset" 145
"../../../../../Users/CCame/Documents/Unreal Projects/GamesOne/Content/FPS_Weapon_Bundle/Weapons/Meshes/KA74U/SM_KA74U_X.uasset" 146
"../../../../../Users/CCame/Documents/Unreal Projects/GamesOne/Content/FPS_Weapon_Bundle/Weapons/Meshes/KA74U/SM_KA74U_Y.uasset" 147
"../../../../../Users/CCame/Documents/Unreal Projects/GamesOne/Content/FPS_Weapon_Bundle/Weapons/Meshes/KA_Val/SK_KA_Val_X_Physics.uasset" 148
"../../../../../Users/CCame/Documents/Unreal Projects/GamesOne/Content/FPS_Weapon_Bundle/Weapons/Meshes/KA_Val/SK_KA_Val_X_Skeleton.uasset" 149
"../../../../../Users/CCame/Documents/Unreal Projects/GamesOne/Content/FPS_Weapon_Bundle/Weapons/Meshes/KA_Val/SK_KA_Val_X.uasset" 150
"../../../../../Users/CCame/Documents/Unreal Projects/GamesOne/Content/FPS_Weapon_Bundle/Weapons/Meshes/KA_Val/SM_KA_Val_Mag_X.uasset" 151
"../../../../../Users/CCame/Documents/Unreal Projects/GamesOne/Content/FPS_Weapon_Bundle/Weapons/Meshes/KA_Val/SM_KA_Val_X.uasset" 152
"../../../../../Users/CCame/Documents/Unreal Projects/GamesOne/Content/FPS_Weapon_Bundle/Weapons/Meshes/KA_Val/SM_KA_Val_Y.uasset" 153
"../../../../../Users/CCame/Documents/Unreal Projects/GamesOne/Content/FPS_Weapon_Bundle/Weapons/Textures/M9_Knife/T_M9_ALB.uasset" 154
"../../../../../Users/CCame/Documents/Unreal Projects/GamesOne/Content/FPS_Weapon_Bundle/Weapons/Textures/M9_Knife/T_M9_M_MSK.uasset" 155
"../../../../../Users/CCame/Documents/Unreal Projects/GamesOne/Content/FPS_Weapon_Bundle/Weapons/Textures/M9_Knife/T_M9_NRM.uasset" 156
"../../../../../Users/CCame/Documents/Unreal Projects/GamesOne/Content/FPS_Weapon_Bundle/Weapons/Materials/M9_Knife/M_M9_Knife.uasset" 157
"../../../../../Users/CCame/Documents/Unreal Projects/GamesOne/Content/FPS_Weapon_Bundle/Weapons/Meshes/M9_Knife/SK_M9_Knife_Physics.uasset" 158
"../../../../../Users/CCame/Documents/Unreal Projects/GamesOne/Content/FPS_Weapon_Bundle/Weapons/Meshes/M9_Knife/SK_M9_Knife_Skeleton.uasset" 159
"../../../../../Users/CCame/Documents/Unreal Projects/GamesOne/Content/FPS_Weapon_Bundle/Weapons/Meshes/M9_Knife/SK_M9_Knife.uasset" 160
"../../../../../Users/CCame/Documents/Unreal Projects/GamesOne/Content/FPS_Weapon_Bundle/Weapons/Meshes/M9_Knife/SM_M9_Knife.uasset" 161
"../../../../../Users/CCame/Documents/Unreal Projects/GamesOne/Content/FPS_Weapon_Bundle/Weapons/Meshes/M9_Knife/SM_M9_Knife_X.uasset" 162
"../../../../../Users/CCame/Documents/Unreal Projects/GamesOne/Content/FPS_Weapon_Bundle/Weapons/Textures/Ammunition/T_9mm_ALB.uasset" 163
"../../../../../Users/CCame/Documents/Unreal Projects/GamesOne/Content/FPS_Weapon_Bundle/Weapons/Textures/Ammunition/T_9mm_M_MSK.uasset" 164
"../../../../../Users/CCame/Documents/Unreal Projects/GamesOne/Content/FPS_Weapon_Bundle/Weapons/Textures/Ammunition/T_9mm_NRM.uasset" 165
"../../../../../Users/CCame/Documents/Unreal Projects/GamesOne/Content/FPS_Weapon_Bundle/Weapons/Materials/Ammunition/M_9mm.uasset" 166
"../../../../../Users/CCame/Documents/Unreal Projects/GamesOne/Content/FPS_Weapon_Bundle/Weapons/Textures/SMG11/T_SMG11_Rem_ALB.uasset" 167
"../../../../../Users/CCame/Documents/Unreal Projects/GamesOne/Content/FPS_Weapon_Bundle/Weapons/Textures/SMG11/T_SMG11_Rem_M_MSK.uasset" 168
"../../../../../Users/CCame/Documents/Unreal Projects/GamesOne/Content/FPS_Weapon_Bundle/Weapons/Textures/SMG11/T_SMG11_Rem_NRM.uasset" 169
"../../../../../Users/CCame/Documents/Unreal Projects/GamesOne/Content/FPS_Weapon_Bundle/Weapons/Materials/SMG11/M_SMG11_Rem.uasset" 170
"../../../../../Users/CCame/Documents/Unreal Projects/GamesOne/Content/FPS_Weapon_Bundle/Weapons/Meshes/SMG11/SK_SMG11_Nostock_X_Physics.uasset" 171
"../../../../../Users/CCame/Documents/Unreal Projects/GamesOne/Content/FPS_Weapon_Bundle/Weapons/Meshes/SMG11/SK_SMG11_Nostock_X_Skeleton.uasset" 172
"../../../../../Users/CCame/Documents/Unreal Projects/GamesOne/Content/FPS_Weapon_Bundle/Weapons/Meshes/SMG11/SK_SMG11_Nostock_X.uasset" 173
"../../../../../Users/CCame/Documents/Unreal Projects/GamesOne/Content/FPS_Weapon_Bundle/Weapons/Meshes/SMG11/SK_SMG11_X_Physics.uasset" 174
"../../../../../Users/CCame/Documents/Unreal Projects/GamesOne/Content/FPS_Weapon_Bundle/Weapons/Meshes/SMG11/SK_SMG11_X_Skeleton.uasset" 175
"../../../../../Users/CCame/Documents/Unreal Projects/GamesOne/Content/FPS_Weapon_Bundle/Weapons/Meshes/SMG11/SK_SMG11_X.uasset" 176
"../../../../../Users/CCame/Documents/Unreal Projects/GamesOne/Content/FPS_Weapon_Bundle/Weapons/Meshes/SMG11/SM_SMG11_Mag_Empty_Y.uasset" 177
"../../../../../Users/CCame/Documents/Unreal Projects/GamesOne/Content/FPS_Weapon_Bundle/Weapons/Meshes/SMG11/SM_SMG11_Nostock_X.uasset" 178
"../../../../../Users/CCame/Documents/Unreal Projects/GamesOne/Content/FPS_Weapon_Bundle/Weapons/Meshes/SMG11/SM_SMG11_Nostock_Y.uasset" 179
"../../../../../Users/CCame/Documents/Unreal Projects/GamesOne/Content/FPS_Weapon_Bundle/Weapons/Meshes/SMG11/SM_SMG11_X.uasset" 180
"../../../../../Users/CCame/Documents/Unreal Projects/GamesOne/Content/FPS_Weapon_Bundle/Weapons/Meshes/SMG11/SM_SMG11_Y.uasset" 181
"../../../../../Users/CCame/Documents/Unreal Projects/GamesOne/Content/FPS_Weapon_Bundle/Weapons/Textures/Patterns/T_80s_Pattern.uasset" 182
"../../../../../Users/CCame/Documents/Unreal Projects/GamesOne/Content/FPS_Weapon_Bundle/Weapons/Textures/Patterns/T_Chochip_Pattern.uasset" 183
"../../../../../Users/CCame/Documents/Unreal Projects/GamesOne/Content/FPS_Weapon_Bundle/Weapons/Textures/Patterns/T_Cracks_Pattern.uasset" 184
"../../../../../Users/CCame/Documents/Unreal Projects/GamesOne/Content/FPS_Weapon_Bundle/Weapons/Textures/Patterns/T_Hexagon_Glow_Pattern.uasset" 185
"../../../../../Users/CCame/Documents/Unreal Projects/GamesOne/Content/FPS_Weapon_Bundle/Weapons/Textures/Patterns/T_Hexagon_Pattern.uasset" 186
"../../../../../Users/CCame/Documents/Unreal Projects/GamesOne/Content/FPS_Weapon_Bundle/Weapons/Textures/Patterns/T_Ink_Pattern.uasset" 187
"../../../../../Users/CCame/Documents/Unreal Projects/GamesOne/Content/FPS_Weapon_Bundle/Weapons/Textures/Patterns/T_Net01_Pattern.uasset" 188
"../../../../../Users/CCame/Documents/Unreal Projects/GamesOne/Content/FPS_Weapon_Bundle/Weapons/Textures/Patterns/T_W90K_Pattern.uasset" 189
"../../../../../Users/CCame/Documents/Unreal Projects/GamesOne/Content/FPS_Weapon_Bundle/Weapons/Textures/Patterns/T_W90_Pattern.uasset" 190
"../../../Engine/Content/Functions/Engine_MaterialFunctions01/Opacity/CameraDepthFade.uasset" 191
"../../../Engine/Content/EngineMaterials/T_Default_Material_Grid_M.uasset" 192
"../../../Engine/Content/EngineMaterials/T_Default_Material_Grid_N.uasset" 193
"../../../Engine/Content/EngineMaterials/WorldGridMaterial.uasset" 194
"../../../../../Users/CCame/Documents/Unreal Projects/GamesOne/Content/Meshes/Balloon_Sphere.uasset" 195
"../../../../../Users/CCame/Documents/Unreal Projects/GamesOne/Content/Meshes/Barrel_Ex_norm.uasset" 196
"../../../../../Users/CCame/Documents/Unreal Projects/GamesOne/Content/Meshes/Barrel_Ex_norm_Mat.uasset" 197
"../../../../../Users/CCame/Documents/Unreal Projects/GamesOne/Content/Meshes/SM_BarrelMesh.uasset" 198
"../../../Engine/Content/BasicShapes/BasicShapeMaterial.uasset" 199
"../../../../../Users/CCame/Documents/Unreal Projects/GamesOne/Content/Meshes/SM_SelectorMesh.uasset" 200
"../../../../../Users/CCame/Documents/Unreal Projects/GamesOne/Content/Meshes/SM_CubeMesh.uasset" 201
"../../../../../Users/CCame/Documents/Unreal Projects/GamesOne/Content/StarterContent/Materials/M_Basic_Wall.uasset" 202
"../../../../../Users/CCame/Documents/Unreal Projects/GamesOne/Content/StarterContent/Architecture/Pillar_50x500.uasset" 203
"../../../../../Users/CCame/Documents/Unreal Projects/GamesOne/Content/StarterContent/Architecture/Wall_400x300.uasset" 204
"../../../../../Users/CCame/Documents/Unreal Projects/GamesOne/Content/StarterContent/Architecture/Wall_400x400.uasset" 205
"../../../../../Users/CCame/Documents/Unreal Projects/GamesOne/Content/StarterContent/Architecture/Wall_500x500.uasset" 206
"../../../../../Users/CCame/Documents/Unreal Projects/GamesOne/Content/StarterContent/Architecture/Wall_Door_400x400.uasset" 207
"../../../../../Users/CCame/Documents/Unreal Projects/GamesOne/Content/StarterContent/Architecture/Wall_Window_400x400.uasset" 208
"../../../../../Users/CCame/Documents/Unreal Projects/GamesOne/Content/StarterContent/Audio/Collapse01.uasset" 209
"../../../../../Users/CCame/Documents/Unreal Projects/GamesOne/Content/StarterContent/Audio/Collapse02.uasset" 210
"../../../../../Users/CCame/Documents/Unreal Projects/GamesOne/Content/StarterContent/Audio/Explosion01.uasset" 211
"../../../../../Users/CCame/Documents/Unreal Projects/GamesOne/Content/StarterContent/Audio/Explosion02.uasset" 212
"../../../../../Users/CCame/Documents/Unreal Projects/GamesOne/Content/StarterContent/Audio/Fire01.uasset" 213
"../../../../../Users/CCame/Documents/Unreal Projects/GamesOne/Content/StarterContent/Audio/Fire_Sparks01.uasset" 214
"../../../../../Users/CCame/Documents/Unreal Projects/GamesOne/Content/StarterContent/Audio/Light01.uasset" 215
"../../../../../Users/CCame/Documents/Unreal Projects/GamesOne/Content/StarterContent/Audio/Light01_Cue.uasset" 216
"../../../../../Users/CCame/Documents/Unreal Projects/GamesOne/Content/StarterContent/Audio/Light02.uasset" 217
"../../../../../Users/CCame/Documents/Unreal Projects/GamesOne/Content/StarterContent/Audio/Light02_Cue.uasset" 218
"../../../../../Users/CCame/Documents/Unreal Projects/GamesOne/Content/StarterContent/Audio/Smoke01.uasset" 219
"../../../../../Users/CCame/Documents/Unreal Projects/GamesOne/Content/StarterContent/Audio/Starter_Birds01.uasset" 220
"../../../../../Users/CCame/Documents/Unreal Projects/GamesOne/Content/StarterContent/Audio/Starter_Music01.uasset" 221
"../../../../../Users/CCame/Documents/Unreal Projects/GamesOne/Content/StarterContent/Audio/Starter_Wind05.uasset" 222
"../../../../../Users/CCame/Documents/Unreal Projects/GamesOne/Content/StarterContent/Audio/Starter_Wind06.uasset" 223
"../../../../../Users/CCame/Documents/Unreal Projects/GamesOne/Content/StarterContent/Audio/Steam01.uasset" 224
"../../../../../Users/CCame/Documents/Unreal Projects/GamesOne/Content/StarterContent/Audio/Explosion_Cue.uasset" 225
"../../../../../Users/CCame/Documents/Unreal Projects/GamesOne/Content/StarterContent/Textures/T_Burst_M.uasset" 226
"../../../../../Users/CCame/Documents/Unreal Projects/GamesOne/Content/StarterContent/Particles/Materials/M_Burst.uasset" 227
"../../../../../Users/CCame/Documents/Unreal Projects/GamesOne/Content/StarterContent/Textures/T_Explosion_SubUV.uasset" 228
"../../../../../Users/CCame/Documents/Unreal Projects/GamesOne/Content/StarterContent/Particles/Materials/M_explosion_subUV.uasset" 229
"../../../../../Users/CCame/Documents/Unreal Projects/GamesOne/Content/StarterContent/Particles/Materials/m_flare_01.uasset" 230
"../../../Engine/Content/Functions/Engine_MaterialFunctions01/Gradient/RadialGradient.uasset" 231
"../../../../../Users/CCame/Documents/Unreal Projects/GamesOne/Content/StarterContent/Particles/Materials/M_radial_ramp.uasset" 232
"../../../../../Users/CCame/Documents/Unreal Projects/GamesOne/Content/StarterContent/Textures/T_Smoke_SubUV.uasset" 233
"../../../../../Users/CCame/Documents/Unreal Projects/GamesOne/Content/StarterContent/Textures/T_Smoke_Tiled_D.uasset" 234
"../../../../../Users/CCame/Documents/Unreal Projects/GamesOne/Content/StarterContent/Particles/Materials/M_smoke_subUV.uasset" 235
"../../../../../Users/CCame/Documents/Unreal Projects/GamesOne/Content/StarterContent/Particles/P_Explosion.uasset" 236
"../../../../../Users/CCame/Documents/Unreal Projects/GamesOne/Content/StarterContent/Blueprints/Blueprint_Effect_Explosion.uasset" 237
"../../../Engine/Content/EditorMeshes/ColorCalibrator/T_ColorGrid.uasset" 238
"../../../../../Users/CCame/Documents/Unreal Projects/GamesOne/Content/StarterContent/Materials/M_ColorGrid_LowSpec.uasset" 239
"../../../../../Users/CCame/Documents/Unreal Projects/GamesOne/Content/StarterContent/Textures/T_Bush_D.uasset" 240
"../../../../../Users/CCame/Documents/Unreal Projects/GamesOne/Content/StarterContent/Textures/T_Bush_N.uasset" 241
"../../../../../Users/CCame/Documents/Unreal Projects/GamesOne/Content/StarterContent/Props/Materials/M_Bush.uasset" 242
"../../../../../Users/CCame/Documents/Unreal Projects/GamesOne/Content/StarterContent/Props/SM_Bush.uasset" 243
"../../../../../Users/CCame/Documents/Unreal Projects/GamesOne/Content/StarterContent/Textures/T_Chair_M.uasset" 244
"../../../../../Users/CCame/Documents/Unreal Projects/GamesOne/Content/StarterContent/Textures/T_Chair_N.uasset" 245
"../../../../../Users/CCame/Documents/Unreal Projects/GamesOne/Content/StarterContent/Props/Materials/M_Chair.uasset" 246
"../../../../../Users/CCame/Documents/Unreal Projects/GamesOne/Content/StarterContent/Props/SM_Couch.uasset" 247
"../../../../../Users/CCame/Documents/Unreal Projects/GamesOne/Content/StarterContent/Materials/M_Glass.uasset" 248
"../../../../../Users/CCame/Documents/Unreal Projects/GamesOne/Content/StarterContent/Textures/T_Door_M.uasset" 249
"../../../../../Users/CCame/Documents/Unreal Projects/GamesOne/Content/StarterContent/Textures/T_Door_N.uasset" 250
"../../../../../Users/CCame/Documents/Unreal Projects/GamesOne/Content/StarterContent/Props/Materials/M_Door.uasset" 251
"../../../../../Users/CCame/Documents/Unreal Projects/GamesOne/Content/StarterContent/Props/SM_Door.uasset" 252
"../../../../../Users/CCame/Documents/Unreal Projects/GamesOne/Content/StarterContent/Props/Materials/M_MaterialSphere.uasset" 253
"../../../../../Users/CCame/Documents/Unreal Projects/GamesOne/Content/StarterContent/Props/Materials/M_MaterialSphere_Plain.uasset" 254
"../../../../../Users/CCame/Documents/Unreal Projects/GamesOne/Content/StarterContent/Props/SM_MatPreviewMesh_02.uasset" 255
"../../../../../Users/CCame/Documents/Unreal Projects/GamesOne/Content/StarterContent/Props/SM_Shelf.uasset" 256
"../../../../../Users/CCame/Documents/Unreal Projects/GamesOne/Content/StarterContent/Materials/M_Basic_Floor.uasset" 257
"../../../../../Users/CCame/Documents/Unreal Projects/GamesOne/Content/StarterContent/Props/SM_Stairs.uasset" 258
"../../../../../Users/CCame/Documents/Unreal Projects/GamesOne/Content/StarterContent/Shapes/Shape_Cone.uasset" 259
"../../../../../Users/CCame/Documents/Unreal Projects/GamesOne/Content/StarterContent/Shapes/Shape_Cylinder.uasset" 260
"../../../../../Users/CCame/Documents/Unreal Projects/GamesOne/Content/StarterContent/Shapes/Shape_NarrowCapsule.uasset" 261
"../../../../../Users/CCame/Documents/Unreal Projects/GamesOne/Content/StarterContent/Shapes/Shape_Pipe.uasset" 262
"../../../../../Users/CCame/Documents/Unreal Projects/GamesOne/Content/StarterContent/Shapes/Shape_Pipe_180.uasset" 263
"../../../../../Users/CCame/Documents/Unreal Projects/GamesOne/Content/StarterContent/Shapes/Shape_Pipe_90.uasset" 264
"../../../../../Users/CCame/Documents/Unreal Projects/GamesOne/Content/StarterContent/Shapes/Shape_Plane.uasset" 265
"../../../../../Users/CCame/Documents/Unreal Projects/GamesOne/Content/StarterContent/Shapes/Shape_Torus.uasset" 266
"../../../../../Users/CCame/Documents/Unreal Projects/GamesOne/Content/StarterContent/Shapes/Shape_Trim.uasset" 267
"../../../../../Users/CCame/Documents/Unreal Projects/GamesOne/Content/StarterContent/Shapes/Shape_Trim_90_In.uasset" 268
"../../../../../Users/CCame/Documents/Unreal Projects/GamesOne/Content/StarterContent/Shapes/Shape_Trim_90_Out.uasset" 269
"../../../../../Users/CCame/Documents/Unreal Projects/GamesOne/Content/StarterContent/Shapes/Shape_TriPyramid.uasset" 270
"../../../../../Users/CCame/Documents/Unreal Projects/GamesOne/Content/StarterContent/Shapes/Shape_Tube.uasset" 271
"../../../../../Users/CCame/Documents/Unreal Projects/GamesOne/Content/StarterContent/Shapes/Shape_Wedge_A.uasset" 272
"../../../../../Users/CCame/Documents/Unreal Projects/GamesOne/Content/StarterContent/Shapes/Shape_Wedge_B.uasset" 273
"../../../../../Users/CCame/Documents/Unreal Projects/GamesOne/Content/StarterContent/Shapes/Shape_WideCapsule.uasset" 274
"../../../Engine/Content/Animation/DefaultAnimCurveCompressionSettings.uasset" 275
"../../../Engine/Content/ArtTools/RenderToTexture/Meshes/S_1_Unit_Plane.uasset" 276
"../../../Engine/Content/EngineMaterials/DefaultMaterial.uasset" 277
"../../../Engine/Content/BasicShapes/Cone.uasset" 278
"../../../Engine/Content/BasicShapes/Cube.uasset" 279
"../../../Engine/Content/BasicShapes/Cylinder.uasset" 280
"../../../Engine/Content/BasicShapes/Sphere.uasset" 281
"../../../Engine/Content/EditorLandscapeResources/DataLayer.uasset" 282
"../../../Engine/Content/EditorMaterials/MAT_Groups_Toggle.uasset" 283
"../../../Engine/Content/EditorMaterials/MAT_Groups_Visibility.uasset" 284
"../../../Engine/Content/EditorMaterials/PreviewShadowIndicator.uasset" 285
"../../../Engine/Content/EditorMaterials/PreviewShadowIndicatorMaterial.uasset" 286
"../../../Engine/Content/EditorMaterials/MatineeGroups/MAT_ColorTrack.uasset" 287
"../../../Engine/Content/EditorMaterials/MatineeGroups/MAT_Groups_Anim.uasset" 288
"../../../Engine/Content/EditorMaterials/MatineeGroups/MAT_Groups_AudioMaster.uasset" 289
"../../../Engine/Content/EditorMaterials/MatineeGroups/MAT_Groups_Director.uasset" 290
"../../../Engine/Content/EditorMaterials/MatineeGroups/MAT_Groups_Event.uasset" 291
"../../../Engine/Content/EditorMaterials/MatineeGroups/MAT_Groups_Fade.uasset" 292
"../../../Engine/Content/EditorMaterials/MatineeGroups/MAT_Groups_Float.uasset" 293
"../../../Engine/Content/EditorMaterials/MatineeGroups/MAT_Groups_Move.uasset" 294
"../../../Engine/Content/EditorMaterials/MatineeGroups/MAT_Groups_Slomo.uasset" 295
"../../../Engine/Content/EditorMaterials/MatineeGroups/MAT_Groups_Sound.uasset" 296
"../../../Engine/Content/EditorMaterials/MatineeGroups/MAT_Groups_Vector.uasset" 297
"../../../Engine/Content/EditorMaterials/ParticleSystems/PSysThumbnail_NoImage.uasset" 298
"../../../Engine/Content/EditorMaterials/ParticleSystems/PSysThumbnail_OOD.uasset" 299
"../../../Engine/Content/EditorMaterials/Camera/CineMat.uasset" 300
"../../../Engine/Content/EditorMaterials/Camera/MI_CineMat_Rig.uasset" 301
"../../../Engine/Content/EditorMeshes/Camera/SM_CraneRig_Arm.uasset" 302
"../../../Engine/Content/EditorMeshes/Camera/SM_CraneRig_Base.uasset" 303
"../../../Engine/Content/EditorMeshes/Camera/SM_CraneRig_Body.uasset" 304
"../../../Engine/Content/EditorMeshes/Camera/SM_CraneRig_Mount.uasset" 305
"../../../Engine/Content/EditorMeshes/Camera/SM_RailRig_Mount.uasset" 306
"../../../Engine/Content/EditorMeshes/Camera/SM_RailRig_Track.uasset" 307
"../../../Engine/Content/EditorResources/BSPVertex.uasset" 308
"../../../Engine/Content/EditorResources/EmptyActor.uasset" 309
"../../../Engine/Content/EditorResources/S_Actor.uasset" 310
"../../../Engine/Content/EditorResources/S_Note.uasset" 311
"../../../Engine/Content/EditorResources/S_Solver.uasset" 312
"../../../Engine/Content/EditorResources/S_Trigger.uasset" 313
"../../../Engine/Content/EditorResources/AudioIcons/S_AudioComponent.uasset" 314
"../../../Engine/Content/EditorResources/AudioIcons/S_AudioComponent_AutoActivate.uasset" 315
"../../../Engine/Content/EditorResources/LightIcons/S_LightError.uasset" 316
"../../../Engine/Content/EditorResources/SequenceRecorder/Countdown.uasset" 317
"../../../Engine/Content/EditorResources/SequenceRecorder/RecordingIndicator.uasset" 318
"../../../Engine/Content/EditorSounds/Notifications/CompileFailed.uasset" 319
"../../../Engine/Content/EditorSounds/Notifications/CompileFailed_Cue.uasset" 320
"../../../Engine/Content/EditorSounds/Notifications/CompileSuccess.uasset" 321
"../../../Engine/Content/EditorSounds/Notifications/CompileStart_Cue.uasset" 322
"../../../Engine/Content/EditorSounds/Notifications/CompileSuccess_Cue.uasset" 323
"../../../Engine/Content/EngineDamageTypes/DmgTypeBP_Environmental.uasset" 324
"../../../Engine/Content/EngineDebugMaterials/DebugEditorMaterial.uasset" 325
"../../../Engine/Content/EngineDebugMaterials/DebugMeshMaterial.uasset" 326
"../../../Engine/Content/EngineDebugMaterials/M_SimpleUnlitTranslucent.uasset" 327
"../../../Engine/Content/Functions/Engine_MaterialFunctions02/Utility/CameraDirectionVector.uasset" 328
"../../../Engine/Content/EngineDebugMaterials/VolumeToRender.uasset" 329
"../../../Engine/Content/EngineDebugMaterials/M_VolumeRenderSphereTracePP.uasset" 330
"../../../Engine/Content/EngineDebugMaterials/WireframeMaterial.uasset" 331
"../../../Engine/Content/EngineFonts/Faces/DroidSansFallback.uasset" 332
"../../../Engine/Content/EngineFonts/Faces/RobotoBold.uasset" 333
"../../../Engine/Content/EngineFonts/Faces/RobotoBoldItalic.uasset" 334
"../../../Engine/Content/EngineFonts/Faces/RobotoItalic.uasset" 335
"../../../Engine/Content/EngineFonts/Faces/RobotoLight.uasset" 336
"../../../Engine/Content/EngineFonts/Faces/RobotoRegular.uasset" 337
"../../../Engine/Content/EngineFonts/Roboto.uasset" 338
"../../../Engine/Content/EngineMaterials/BaseFlattenDiffuseMap.uasset" 339
"../../../Engine/Content/EngineMaterials/BaseFlattenEmissiveMap.uasset" 340
"../../../Engine/Content/EngineMaterials/BaseFlattenGrayscaleMap.uasset" 341
"../../../Engine/Content/EngineMaterials/BaseFlattenNormalMap.uasset" 342
"../../../Engine/Content/EngineMaterials/BaseFlattenMaterial.uasset" 343
"../../../Engine/Content/EngineMaterials/BlueNoise.uasset" 344
"../../../Engine/Content/EngineMaterials/DefaultBloomKernel.uasset" 345
"../../../Engine/Content/EngineMaterials/DefaultBokeh.uasset" 346
"../../../Engine/Content/EngineMaterials/DefaultDiffuse.uasset" 347
"../../../Engine/Content/EngineMaterials/DefaultDeferredDecalMaterial.uasset" 348
"../../../Engine/Content/EngineMaterials/DefaultLightFunctionMaterial.uasset" 349
"../../../Engine/Content/EngineMaterials/DefaultPhysicalMaterial.uasset" 350
"../../../Engine/Content/Functions/Engine_MaterialFunctions02/Utility/BreakOutFloat2Components.uasset" 351
"../../../Engine/Content/EngineMaterials/DefaultPostProcessMaterial.uasset" 352
"../../../Engine/Content/EngineFonts/RobotoDistanceField.uasset" 353
"../../../Engine/Content/EngineMaterials/DefaultTextMaterialOpaque.uasset" 354
"../../../Engine/Content/EngineMaterials/DefaultWhiteGrid.uasset" 355
"../../../Engine/Content/EngineMaterials/DefaultWhiteGrid_Low.uasset" 356
"../../../Engine/Content/EngineMaterials/EmissiveMeshMaterial.uasset" 357
"../../../Engine/Content/EngineMaterials/GizmoMaterial.uasset" 358
"../../../Engine/Content/EngineMaterials/Good64x64TilingNoiseHighFreq.uasset" 359
"../../../Engine/Content/EngineMaterials/MiniFont.uasset" 360
"../../../Engine/Content/EngineMaterials/InvalidLightmapSettings.uasset" 361
"../../../Engine/Content/EngineMaterials/M_InvalidLightmapSettings.uasset" 362
"../../../Engine/Content/Functions/Engine_MaterialFunctions02/WorldPositionOffset/CameraOffset.uasset" 363
"../../../Engine/Content/EngineMaterials/PhAT_JointLimitMaterial.uasset" 364
"../../../Engine/Content/EngineMaterials/PreintegratedSkinBRDF.uasset" 365
"../../../Engine/Content/EngineMaterials/RemoveSurfaceMaterial.uasset" 366
"../../../Engine/Content/EngineMaterials/WeightMapPlaceholderTexture.uasset" 367
"../../../Engine/Content/EngineResources/WhiteSquareTexture.uasset" 368
"../../../Engine/Content/EngineMaterials/Widget3DPassThrough.uasset" 369
"../../../Engine/Content/EngineMaterials/Widget3DPassThrough_Masked.uasset" 370
"../../../Engine/Content/EngineMaterials/Widget3DPassThrough_Opaque.uasset" 371
"../../../Engine/Content/EngineMaterials/Widget3DPassThrough_Masked_OneSided.uasset" 372
"../../../Engine/Content/EngineMaterials/Widget3DPassThrough_Opaque_OneSided.uasset" 373
"../../../Engine/Content/EngineMaterials/Widget3DPassThrough_Translucent.uasset" 374
"../../../Engine/Content/EngineMaterials/Widget3DPassThrough_Translucent_OneSided.uasset" 375
"../../../Engine/Content/EngineMeshes/Cylinder.uasset" 376
"../../../Engine/Content/EngineMeshes/Sphere.uasset" 377
"../../../Engine/Content/EngineResources/Black.uasset" 378
"../../../Engine/Content/EngineResources/DefaultTexture.uasset" 379
"../../../Engine/Content/EngineResources/DefaultTextureCube.uasset" 380
"../../../Engine/Content/EngineResources/DefaultVolumeTexture2D.uasset" 381
"../../../Engine/Content/EngineResources/DefaultVolumeTexture.uasset" 382
"../../../Engine/Content/EngineResources/GradientTexture0.uasset" 383
"../../../Engine/Content/EngineSounds/Master.uasset" 384
"../../../Engine/Content/Functions/Engine_MaterialFunctions01/Shading/ConvertFromDiffSpec.uasset" 385
"../../../Engine/Content/Functions/Engine_MaterialFunctions01/Shading/PowerToRoughness.uasset" 386
"../../../Engine/Content/Maps/Templates/Thumbnails/Default.uasset" 387
"../../../Engine/Content/Maps/Templates/Thumbnails/TimeOfDay.uasset" 388
"../../../Engine/Content/Maps/Templates/Thumbnails/VR-Basic.uasset" 389
"../../../Engine/Content/MobileResources/T_MobileControls_texture.uasset" 390
"../../../Engine/Content/MobileResources/T_MobileMenu2.uasset" 391
"../../../Engine/Content/MobileResources/HUD/AnalogHat.uasset" 392
"../../../Engine/Content/MobileResources/HUD/VirtualJoystick_Background.uasset" 393
"../../../Engine/Content/MobileResources/HUD/VirtualJoystick_Thumb.uasset" 394
"../../../Engine/Content/MobileResources/HUD/DefaultVirtualJoysticks.uasset" 395
"../../../Engine/Content/MobileResources/HUD/LeftVirtualJoystickOnly.uasset" 396
"../../../Engine/Content/MobileResources/HUD/MobileHUDButton1_off.uasset" 397
"../../../Engine/Content/MobileResources/HUD/MobileHUDButton1_on.uasset" 398
"../../../Engine/Content/MobileResources/HUD/MobileHUDButton2_off.uasset" 399
"../../../Engine/Content/MobileResources/HUD/MobileHUDButton2_on.uasset" 400
"../../../Engine/Content/MobileResources/HUD/MobileHUDButton3.uasset" 401
"../../../Engine/Content/MobileResources/HUD/MobileHUDButtonFire.uasset" 402
"../../../Engine/Content/MobileResources/HUD/MobileHUDDirectionPad.uasset" 403
"../../../Engine/Content/MobileResources/HUD/MobileHUDDirectionPad2.uasset" 404
"../../../Engine/Content/MobileResources/HUD/MobileHUDDirectionPad3.uasset" 405
"../../../Engine/Content/MobileResources/HUD/MobileHUDDirectionStick.uasset" 406
"../../../Engine/Content/MobileResources/HUD/T_Castle_ThumbstickInner.uasset" 407
"../../../Engine/Content/MobileResources/HUD/T_Castle_ThumbstickOutter.uasset" 408
"../../../Engine/Content/Tutorial/ContentIntroCurve.uasset" 409
"../../../Engine/Content/Tutorial/Basics/LevelEditorAttract.uasset" 410
"../../../Engine/Content/Tutorial/Basics/TutorialAssets/icon_tab_Levels_40x.uasset" 411
"../../../Engine/Content/Tutorial/Basics/LevelEditorOverview.uasset" 412
"../../../Engine/Content/Tutorial/BlueprintTutorials/TutorialAssets/Blueprint_64x.uasset" 413
"../../../Engine/Content/Tutorial/BlueprintTutorials/BlueprintEditorTutorial.uasset" 414
"../../../Engine/Content/VREditor/LaserPointer/VR_LaserPower_01.uasset" 415
"../../../Engine/Content/VREditor/TransformGizmo/TransformGizmoMaterial.uasset" 416
"../../../Engine/Content/VREditor/TransformGizmo/TranslucentTransformGizmoMaterial.uasset" 417
"../../../Engine/Content/VREditor/TransformGizmo/BoundingBoxCorner.uasset" 418
"../../../Engine/Content/VREditor/TransformGizmo/BoundingBoxEdge.uasset" 419
"../../../Engine/Content/VREditor/TransformGizmo/PlaneTranslationHandle.uasset" 420
"../../../Engine/Content/VREditor/TransformGizmo/Main.uasset" 421
"../../../Engine/Content/VREditor/TransformGizmo/Xray.uasset" 422
"../../../Engine/Content/VREditor/TransformGizmo/SM_Sequencer_Key.uasset" 423
"../../../Engine/Content/VREditor/TransformGizmo/SM_Sequencer_Node.uasset" 424
"../../Plugins/2D/Paper2D/Content/PlaceholderTextures/DummySpriteTexture.uasset" 425
"../../Plugins/2D/Paper2D/Content/DummySprite.uasset" 426
"../../Plugins/2D/Paper2D/Content/DefaultPaperTerrainMaterial.uasset" 427
"../../Plugins/2D/Paper2D/Content/DefaultSpriteMaterial.uasset" 428
"../../Plugins/2D/Paper2D/Content/MaskedUnlitSpriteMaterial.uasset" 429
"../../Plugins/2D/Paper2D/Content/OpaqueUnlitSpriteMaterial.uasset" 430
"../../Plugins/FX/Niagara/Content/Enums/ENiagaraBooleanLogicOps.uasset" 431
"../../Plugins/FX/Niagara/Content/Enums/ENiagaraCoordinateSpace.uasset" 432
"../../Plugins/FX/Niagara/Content/Enums/ENiagaraExpansionMode.uasset" 433
"../../Plugins/FX/Niagara/Content/Enums/ENiagaraOrientationAxis.uasset" 434
"../../Plugins/FX/Niagara/Content/Enums/ENiagaraRandomnessMode.uasset" 435
"../../../Engine/Content/Functions/Engine_MaterialFunctions02/Utility/BreakOutFloat4Components.uasset" 436
"../../../Engine/Content/Functions/Engine_MaterialFunctions02/Utility/MakeFloat2.uasset" 437
"../../../Engine/Content/Functions/Engine_MaterialFunctions02/Utility/MakeFloat3.uasset" 438
"../../Plugins/Runtime/Oculus/OculusVR/Content/Materials/OculusMR_ChromaKey.uasset" 439
"../../Plugins/Runtime/Oculus/OculusVR/Content/Materials/OculusMR_ChromaKey_Lit.uasset" 440
"../../Plugins/Runtime/Oculus/OculusVR/Content/Materials/OculusMR_OpaqueColoredMaterial.uasset" 441
"../../Plugins/Runtime/Oculus/OculusVR/Content/Materials/OculusMR_WhiteMaterial.uasset" 442
"../../../../../Users/CCame/Documents/Unreal Projects/GamesOne/Content/AnimStarterPack/Idle_Rifle_Ironsights.uasset" 443
"../../../../../Users/CCame/Documents/Unreal Projects/GamesOne/Content/AnimStarterPack/Jog_Bwd_Rifle.uasset" 444
"../../../../../Users/CCame/Documents/Unreal Projects/GamesOne/Content/AnimStarterPack/Jog_Fwd_Rifle.uasset" 445
"../../../../../Users/CCame/Documents/Unreal Projects/GamesOne/Content/AnimStarterPack/Jog_Lt_Rifle.uasset" 446
"../../../../../Users/CCame/Documents/Unreal Projects/GamesOne/Content/AnimStarterPack/Jog_Rt_Rifle.uasset" 447
"../../../../../Users/CCame/Documents/Unreal Projects/GamesOne/Content/AnimStarterPack/Prone_Idle.uasset" 448
"../../../../../Users/CCame/Documents/Unreal Projects/GamesOne/Content/AnimStarterPack/Walk_Bwd_Rifle_Ironsights.uasset" 449
"../../../../../Users/CCame/Documents/Unreal Projects/GamesOne/Content/AnimStarterPack/Walk_Fwd_Rifle_Ironsights.uasset" 450
"../../../../../Users/CCame/Documents/Unreal Projects/GamesOne/Content/AnimStarterPack/Walk_Lt_Rifle_Ironsights.uasset" 451
"../../../../../Users/CCame/Documents/Unreal Projects/GamesOne/Content/AnimStarterPack/Walk_Rt_Rifle_Ironsights.uasset" 452
"../../../../../Users/CCame/Documents/Unreal Projects/GamesOne/Content/BS_Movement.uasset" 453
"../../../../../Users/CCame/Documents/Unreal Projects/GamesOne/Content/ABP_MovementAnimations.uasset" 454
"../../../../../Users/CCame/Documents/Unreal Projects/GamesOne/Content/FPS_Weapon_Bundle/Weapons/Meshes/G67_Grenade/SM_G67_Thrown.uasset" 455
"../../../../../Users/CCame/Documents/Unreal Projects/GamesOne/Content/BP_DamagingActor2.uasset" 456
"../../../../../Users/CCame/Documents/Unreal Projects/GamesOne/Content/AnimStarterPack/Idle_Rifle_Hip_Break1.uasset" 457
"../../../../../Users/CCame/Documents/Unreal Projects/GamesOne/Content/BB_Enemy.uasset" 458
"../../../../../Users/CCame/Documents/Unreal Projects/GamesOne/Content/BT_Enemy.uasset" 459
"../../../../../Users/CCame/Documents/Unreal Projects/GamesOne/Content/BP_EnemyAIController.uasset" 460
"../../../../../Users/CCame/Documents/Unreal Projects/GamesOne/Content/Meshes/Base.uasset" 461
"../../../../../Users/CCame/Documents/Unreal Projects/GamesOne/Content/Meshes/Top.uasset" 462
"../../../../../Users/CCame/Documents/Unreal Projects/GamesOne/Content/Meshes/Landmine.uasset" 463
"../../../../../Users/CCame/Documents/Unreal Projects/GamesOne/Content/BP_LandmineActor.uasset" 464
"../../../../../Users/CCame/Documents/Unreal Projects/GamesOne/Content/FPS_Weapon_Bundle/Weapons/Meshes/Ammunition/SM_Shell_545x39_Empty.uasset" 465
"../../../../../Users/CCame/Documents/Unreal Projects/GamesOne/Content/BP_BulletActor.uasset" 466
"../../../../../Users/CCame/Documents/Unreal Projects/GamesOne/Content/FPS_Weapon_Bundle/Weapons/Meshes/AR4/SK_AR4_Physics.uasset" 467
"../../../../../Users/CCame/Documents/Unreal Projects/GamesOne/Content/FPS_Weapon_Bundle/Weapons/Meshes/AR4/SK_AR4_Skeleton.uasset" 468
"../../../../../Users/CCame/Documents/Unreal Projects/GamesOne/Content/FPS_Weapon_Bundle/Weapons/Meshes/AR4/SK_AR4.uasset" 469
"../../../../../Users/CCame/Documents/Unreal Projects/GamesOne/Content/BP_WeaponActor.uasset" 470
"../../../Engine/Content/Functions/Engine_MaterialFunctions02/Utility/BlendAngleCorrectedNormals.uasset" 471
"../../../Engine/Content/Functions/MaterialLayerFunctions/MatLayerBlend_AO.uasset" 472
"../../../Engine/Content/Functions/MaterialLayerFunctions/MatLayerBlend_NormalBlend.uasset" 473
"../../../Engine/Content/Functions/MaterialLayerFunctions/MatLayerBlend_Simple.uasset" 474
"../../../../../Users/CCame/Documents/Unreal Projects/GamesOne/Content/AnimStarterPack/UE4_Mannequin/Materials/MaterialLayers/T_ML_Rubber_Blue_01_D.uasset" 475
"../../../../../Users/CCame/Documents/Unreal Projects/GamesOne/Content/AnimStarterPack/UE4_Mannequin/Materials/MaterialLayers/T_ML_Rubber_Blue_01_N.uasset" 476
"../../../../../Users/CCame/Documents/Unreal Projects/GamesOne/Content/AnimStarterPack/UE4_Mannequin/Materials/MaterialLayers/ML_GlossyBlack_Latex_UE4.uasset" 477
"../../../../../Users/CCame/Documents/Unreal Projects/GamesOne/Content/AnimStarterPack/UE4_Mannequin/Materials/MaterialLayers/ML_Plastic_Shiny_Beige.uasset" 478
"../../../../../Users/CCame/Documents/Unreal Projects/GamesOne/Content/AnimStarterPack/UE4_Mannequin/Textures/UE4_LOGO_CARD.uasset" 479
"../../../../../Users/CCame/Documents/Unreal Projects/GamesOne/Content/AnimStarterPack/UE4_Mannequin/Materials/MaterialLayers/ML_Plastic_Shiny_Beige_LOGO.uasset" 480
"../../../../../Users/CCame/Documents/Unreal Projects/GamesOne/Content/AnimStarterPack/UE4_Mannequin/Materials/MaterialLayers/T_ML_Aluminum01.uasset" 481
"../../../../../Users/CCame/Documents/Unreal Projects/GamesOne/Content/AnimStarterPack/UE4_Mannequin/Materials/MaterialLayers/T_ML_Aluminum01_N.uasset" 482
"../../../../../Users/CCame/Documents/Unreal Projects/GamesOne/Content/AnimStarterPack/UE4_Mannequin/Materials/MaterialLayers/ML_SoftMetal_UE4.uasset" 483
"../../../../../Users/CCame/Documents/Unreal Projects/GamesOne/Content/AnimStarterPack/UE4_Mannequin/Textures/UE4_Mannequin__normals.uasset" 484
"../../../../../Users/CCame/Documents/Unreal Projects/GamesOne/Content/AnimStarterPack/UE4_Mannequin/Textures/UE4_Mannequin_MAT_MASKA.uasset" 485
"../../../../../Users/CCame/Documents/Unreal Projects/GamesOne/Content/AnimStarterPack/UE4_Mannequin/Textures/UE4_Mannequin_occlusion_Mobile.uasset" 486
"../../../../../Users/CCame/Documents/Unreal Projects/GamesOne/Content/AnimStarterPack/UE4_Mannequin/Materials/M_UE4Man_Body.uasset" 487
"../../../../../Users/CCame/Documents/Unreal Projects/GamesOne/Content/AnimStarterPack/UE4_Mannequin/Materials/MI_EnemyArmour.uasset" 488
"../../../../../Users/CCame/Documents/Unreal Projects/GamesOne/Content/AnimStarterPack/UE4_Mannequin/Textures/UE4Man_Logo_N.uasset" 489
"../../../../../Users/CCame/Documents/Unreal Projects/GamesOne/Content/AnimStarterPack/UE4_Mannequin/Materials/M_UE4Man_ChestLogo.uasset" 490
"../../../../../Users/CCame/Documents/Unreal Projects/GamesOne/Content/AnimStarterPack/UE4_Mannequin/Mesh/SK_Mannequin_PhysicsAsset.uasset" 491
"../../../../../Users/CCame/Documents/Unreal Projects/GamesOne/Content/AnimStarterPack/UE4_Mannequin/Mesh/SK_Mannequin.uasset" 492
"../../../../../Users/CCame/Documents/Unreal Projects/GamesOne/Content/BP_EnemyCharacter.uasset" 493
"../../../../../Users/CCame/Documents/Unreal Projects/GamesOne/Content/BP_DamagingActor.uasset" 494
"../../../../../Users/CCame/Documents/Unreal Projects/GamesOne/Content/BP_EnemyCharacter_2.uasset" 495
"../../../../../Users/CCame/Documents/Unreal Projects/GamesOne/Content/RT_Map.uasset" 496
"../../../../../Users/CCame/Documents/Unreal Projects/GamesOne/Content/BP_PlayableCharacter.uasset" 497
"../../../Engine/Content/EditorBlueprintResources/StandardMacros.uasset" 498
"../../../Engine/Content/EngineSky/C_Sky_Cloud_Color.uasset" 499
"../../../Engine/Content/EngineSky/C_Sky_Horizon_Color.uasset" 500
"../../../Engine/Content/EngineSky/C_Sky_Zenith_Color.uasset" 501
"../../../Engine/Content/EngineSky/T_Sky_Blue.uasset" 502
"../../../Engine/Content/EngineSky/T_Sky_Clouds_M.uasset" 503
"../../../Engine/Content/EngineSky/T_Sky_Stars.uasset" 504
"../../../Engine/Content/EngineSky/M_Sky_Panning_Clouds2.uasset" 505
"../../../Engine/Content/EngineSky/SM_SkySphere.uasset" 506
"../../../Engine/Content/EngineSky/BP_Sky_Sphere.uasset" 507
"../../../../../Users/CCame/Documents/Unreal Projects/GamesOne/Content/FPS_Weapon_Bundle/Weapons/Meshes/AR4/SM_AR4_Mag.uasset" 508
"../../../../../Users/CCame/Documents/Unreal Projects/GamesOne/Content/BP_AmmoActor.uasset" 509
"../../../../../Users/CCame/Documents/Unreal Projects/GamesOne/Content/Meshes/Barrel_Ex_diff.uasset" 510
"../../../../../Users/CCame/Documents/Unreal Projects/GamesOne/Content/Meshes/Barrel_Ex_diff_Mat.uasset" 511
"../../../../../Users/CCame/Documents/Unreal Projects/GamesOne/Content/Meshes/barrel.uasset" 512
"../../../../../Users/CCame/Documents/Unreal Projects/GamesOne/Content/BP_BarrelActor.uasset" 513
"../../../../../Users/CCame/Documents/Unreal Projects/GamesOne/Content/StarterContent/Textures/T_Detail_Rocky_N.uasset" 514
"../../../../../Users/CCame/Documents/Unreal Projects/GamesOne/Content/StarterContent/Textures/T_Rock_Basalt_D.uasset" 515
"../../../../../Users/CCame/Documents/Unreal Projects/GamesOne/Content/StarterContent/Textures/T_RockMesh_M.uasset" 516
"../../../../../Users/CCame/Documents/Unreal Projects/GamesOne/Content/StarterContent/Textures/T_RockMesh_N.uasset" 517
"../../../../../Users/CCame/Documents/Unreal Projects/GamesOne/Content/StarterContent/Props/Materials/M_Rock.uasset" 518
"../../../../../Users/CCame/Documents/Unreal Projects/GamesOne/Content/StarterContent/Props/SM_Rock.uasset" 519
"../../../../../Users/CCame/Documents/Unreal Projects/GamesOne/Content/SM_Rock_DM.uasset" 520
"../../../../../Users/CCame/Documents/Unreal Projects/GamesOne/Content/BP_CustomDestructibleActor.uasset" 521
"../../../../../Users/CCame/Documents/Unreal Projects/GamesOne/Content/MTL_Map.uasset" 522
"../../../../../Users/CCame/Documents/Unreal Projects/GamesOne/Content/WBP_MiniMap.uasset" 523
"../../../../../Users/CCame/Documents/Unreal Projects/GamesOne/Content/Teko-Regular.uasset" 524
"../../../../../Users/CCame/Documents/Unreal Projects/GamesOne/Content/Teko-Regular_Font.uasset" 525
"../../../../../Users/CCame/Documents/Unreal Projects/GamesOne/Content/WBP_UI.uasset" 526
"../../../../../Users/CCame/Documents/Unreal Projects/GamesOne/Content/BP_CustomPlayerController.uasset" 527
"../../../../../Users/CCame/Documents/Unreal Projects/GamesOne/Content/BP_GamesOneGameModeBase.uasset" 528
"../../../../../Users/CCame/Documents/Unreal Projects/GamesOne/Content/StarterContent/Textures/T_Wood_Walnut_D.uasset" 529
"../../../../../Users/CCame/Documents/Unreal Projects/GamesOne/Content/StarterContent/Textures/T_Wood_Walnut_N.uasset" 530
"../../../../../Users/CCame/Documents/Unreal Projects/GamesOne/Content/StarterContent/Materials/M_Wood_Walnut.uasset" 531
"../../../../../Users/CCame/Documents/Unreal Projects/GamesOne/Content/Meshes/crate.uasset" 532
"../../../../../Users/CCame/Documents/Unreal Projects/GamesOne/Content/Meshes/wooden_crate.uasset" 533
"../../../../../Users/CCame/Documents/Unreal Projects/GamesOne/Content/BP_ShootableActor.uasset" 534
"../../../../../Users/CCame/Documents/Unreal Projects/GamesOne/Content/StarterContent/Textures/T_Brick_Clay_New_D.uasset" 535
"../../../../../Users/CCame/Documents/Unreal Projects/GamesOne/Content/StarterContent/Textures/T_Brick_Clay_New_M.uasset" 536
"../../../../../Users/CCame/Documents/Unreal Projects/GamesOne/Content/StarterContent/Textures/T_Brick_Clay_New_N.uasset" 537
"../../../../../Users/CCame/Documents/Unreal Projects/GamesOne/Content/StarterContent/Materials/M_Brick_Clay_New.uasset" 538
"../../../../../Users/CCame/Documents/Unreal Projects/GamesOne/Content/StarterContent/Textures/T_Brick_Cut_Stone_D.uasset" 539
"../../../../../Users/CCame/Documents/Unreal Projects/GamesOne/Content/StarterContent/Textures/T_Brick_Cut_Stone_N.uasset" 540
"../../../../../Users/CCame/Documents/Unreal Projects/GamesOne/Content/StarterContent/Textures/T_Perlin_Noise_M.uasset" 541
"../../../../../Users/CCame/Documents/Unreal Projects/GamesOne/Content/StarterContent/Materials/M_Brick_Cut_Stone.uasset" 542
"../../../../../Users/CCame/Documents/Unreal Projects/GamesOne/Content/StarterContent/Textures/T_Ceramic_Tile_M.uasset" 543
"../../../../../Users/CCame/Documents/Unreal Projects/GamesOne/Content/StarterContent/Textures/T_Ceramic_Tile_N.uasset" 544
"../../../../../Users/CCame/Documents/Unreal Projects/GamesOne/Content/StarterContent/Textures/T_Rock_Marble_Polished_D.uasset" 545
"../../../../../Users/CCame/Documents/Unreal Projects/GamesOne/Content/StarterContent/Materials/M_Ceramic_Tile_Checker.uasset" 546
"../../../../../Users/CCame/Documents/Unreal Projects/GamesOne/Content/StarterContent/Textures/T_Concrete_Tiles_D.uasset" 547
"../../../../../Users/CCame/Documents/Unreal Projects/GamesOne/Content/StarterContent/Textures/T_Concrete_Tiles_M.uasset" 548
"../../../../../Users/CCame/Documents/Unreal Projects/GamesOne/Content/StarterContent/Textures/T_Concrete_Tiles_N.uasset" 549
"../../../../../Users/CCame/Documents/Unreal Projects/GamesOne/Content/StarterContent/Textures/T_Concrete_Tiles_Variation_M.uasset" 550
"../../../../../Users/CCame/Documents/Unreal Projects/GamesOne/Content/StarterContent/Materials/M_Concrete_Tiles.uasset" 551
"../../../../../Users/CCame/Documents/Unreal Projects/GamesOne/Content/StarterContent/Textures/T_Metal_Aluminum_D.uasset" 552
"../../../../../Users/CCame/Documents/Unreal Projects/GamesOne/Content/StarterContent/Materials/M_Metal_Burnished_Steel.uasset" 553
"../../../../../Users/CCame/Documents/Unreal Projects/GamesOne/Content/StarterContent/Textures/T_Metal_Rust_D.uasset" 554
"../../../../../Users/CCame/Documents/Unreal Projects/GamesOne/Content/StarterContent/Textures/T_Metal_Rust_N.uasset" 555
"../../../../../Users/CCame/Documents/Unreal Projects/GamesOne/Content/StarterContent/Materials/M_Metal_Rust.uasset" 556
"../../../../../Users/CCame/Documents/Unreal Projects/GamesOne/Content/StarterContent/Textures/T_Metal_Steel_D.uasset" 557
"../../../../../Users/CCame/Documents/Unreal Projects/GamesOne/Content/StarterContent/Textures/T_Metal_Steel_N.uasset" 558
"../../../../../Users/CCame/Documents/Unreal Projects/GamesOne/Content/StarterContent/Materials/M_Metal_Steel.uasset" 559
"../../../../../Users/CCame/Documents/Unreal Projects/GamesOne/Content/StarterContent/Textures/T_Tech_Hex_Tile_M.uasset" 560
"../../../../../Users/CCame/Documents/Unreal Projects/GamesOne/Content/StarterContent/Textures/T_Tech_Hex_Tile_N.uasset" 561
"../../../../../Users/CCame/Documents/Unreal Projects/GamesOne/Content/StarterContent/Materials/M_Tech_Hex_Tile.uasset" 562
"../../../Engine/Content/Functions/Engine_MaterialFunctions01/Opacity/AlphaOffset.uasset" 563
"../../../../../Users/CCame/Documents/Unreal Projects/GamesOne/Content/StarterContent/Textures/T_Wood_Floor_Walnut_D.uasset" 564
"../../../../../Users/CCame/Documents/Unreal Projects/GamesOne/Content/StarterContent/Textures/T_Wood_Floor_Walnut_M.uasset" 565
"../../../../../Users/CCame/Documents/Unreal Projects/GamesOne/Content/StarterContent/Textures/T_Wood_Floor_Walnut_N.uasset" 566
"../../../../../Users/CCame/Documents/Unreal Projects/GamesOne/Content/StarterContent/Materials/M_Wood_Floor_Walnut_Worn.uasset" 567
"../../../../../Users/CCame/Documents/Unreal Projects/GamesOne/Content/StarterContent/Textures/T_Wood_Oak_D.uasset" 568
"../../../../../Users/CCame/Documents/Unreal Projects/GamesOne/Content/StarterContent/Textures/T_Wood_Oak_N.uasset" 569
"../../../../../Users/CCame/Documents/Unreal Projects/GamesOne/Content/StarterContent/Materials/M_Wood_Oak.uasset" 570
"../../../../../Users/CCame/Documents/Unreal Projects/GamesOne/Content/StarterContent/Textures/T_Wood_Pine_D.uasset" 571
"../../../../../Users/CCame/Documents/Unreal Projects/GamesOne/Content/StarterContent/Textures/T_Wood_Pine_N.uasset" 572
"../../../../../Users/CCame/Documents/Unreal Projects/GamesOne/Content/StarterContent/Materials/M_Wood_Pine.uasset" 573
"../../../../../Users/CCame/Documents/Unreal Projects/GamesOne/Content/Level_1.umap" 574
"../../../../../Users/CCame/Documents/Unreal Projects/GamesOne/Content/BP_EnemyCharacter_3.uasset" 575
"../../../../../Users/CCame/Documents/Unreal Projects/GamesOne/Content/BP_GamesOneGameModeBase_2.uasset" 576
"../../../../../Users/CCame/Documents/Unreal Projects/GamesOne/Content/StarterContent/Textures/T_Brick_Clay_Beveled_D.uasset" 577
"../../../../../Users/CCame/Documents/Unreal Projects/GamesOne/Content/StarterContent/Textures/T_Brick_Clay_Beveled_M.uasset" 578
"../../../../../Users/CCame/Documents/Unreal Projects/GamesOne/Content/StarterContent/Textures/T_Brick_Clay_Beveled_N.uasset" 579
"../../../../../Users/CCame/Documents/Unreal Projects/GamesOne/Content/StarterContent/Materials/M_Brick_Clay_Beveled.uasset" 580
"../../../../../Users/CCame/Documents/Unreal Projects/GamesOne/Content/StarterContent/Textures/T_Brick_Clay_Old_D.uasset" 581
"../../../../../Users/CCame/Documents/Unreal Projects/GamesOne/Content/StarterContent/Textures/T_Brick_Clay_Old_N.uasset" 582
"../../../../../Users/CCame/Documents/Unreal Projects/GamesOne/Content/StarterContent/Materials/M_Brick_Clay_Old.uasset" 583
"../../../../../Users/CCame/Documents/Unreal Projects/GamesOne/Content/StarterContent/Textures/T_Concrete_Panels_D.uasset" 584
"../../../../../Users/CCame/Documents/Unreal Projects/GamesOne/Content/StarterContent/Textures/T_Concrete_Panels_N.uasset" 585
"../../../../../Users/CCame/Documents/Unreal Projects/GamesOne/Content/StarterContent/Materials/M_Concrete_Panels.uasset" 586
"../../../../../Users/CCame/Documents/Unreal Projects/GamesOne/Content/StarterContent/Textures/T_Concrete_Poured_D.uasset" 587
"../../../../../Users/CCame/Documents/Unreal Projects/GamesOne/Content/StarterContent/Textures/T_Concrete_Poured_N.uasset" 588
"../../../../../Users/CCame/Documents/Unreal Projects/GamesOne/Content/StarterContent/Materials/M_Concrete_Poured.uasset" 589
"../../../../../Users/CCame/Documents/Unreal Projects/GamesOne/Content/StarterContent/Textures/T_Metal_Copper_D.uasset" 590
"../../../../../Users/CCame/Documents/Unreal Projects/GamesOne/Content/StarterContent/Materials/M_Metal_Copper.uasset" 591
"../../../../../Users/CCame/Documents/Unreal Projects/GamesOne/Content/StarterContent/Textures/T_Rock_Basalt_N.uasset" 592
"../../../../../Users/CCame/Documents/Unreal Projects/GamesOne/Content/StarterContent/Materials/M_Rock_Basalt.uasset" 593
"../../../../../Users/CCame/Documents/Unreal Projects/GamesOne/Content/StarterContent/Textures/T_Rock_Sandstone_D.uasset" 594
"../../../../../Users/CCame/Documents/Unreal Projects/GamesOne/Content/StarterContent/Textures/T_Rock_Sandstone_N.uasset" 595
"../../../../../Users/CCame/Documents/Unreal Projects/GamesOne/Content/StarterContent/Materials/M_Rock_Sandstone.uasset" 596
"../../../../../Users/CCame/Documents/Unreal Projects/GamesOne/Content/StarterContent/Textures/T_Rock_Slate_D.uasset" 597
"../../../../../Users/CCame/Documents/Unreal Projects/GamesOne/Content/StarterContent/Textures/T_Rock_Slate_N.uasset" 598
"../../../../../Users/CCame/Documents/Unreal Projects/GamesOne/Content/StarterContent/Materials/M_Rock_Slate.uasset" 599
"../../../../../Users/CCame/Documents/Unreal Projects/GamesOne/Content/Level_2.umap" 600
"../../../../../Users/CCame/Documents/Unreal Projects/GamesOne/Content/BP_EnemyCharacter_4.uasset" 601
"../../../../../Users/CCame/Documents/Unreal Projects/GamesOne/Content/BP_EnemyCharacter_5.uasset" 602
"../../../../../Users/CCame/Documents/Unreal Projects/GamesOne/Content/BP_GamesOneGameModeBase_3.uasset" 603
"../../../../../Users/CCame/Documents/Unreal Projects/GamesOne/Content/Level_3_BuiltData.uasset" 604
"../../../../../Users/CCame/Documents/Unreal Projects/GamesOne/Content/Level_3.umap" 605
"../../../../../Users/CCame/Documents/Unreal Projects/GamesOne/Content/BP_EndGameModeBase.uasset" 606
"../../../Engine/Content/BasicShapes/Plane.uasset" 607
"../../../../../Users/CCame/Documents/Unreal Projects/GamesOne/Content/LoseLevel.umap" 608
"../../../../../Users/CCame/Documents/Unreal Projects/GamesOne/Content/Meshes/Material.uasset" 609
"../../../../../Users/CCame/Documents/Unreal Projects/GamesOne/Content/Meshes/Selector.uasset" 610
"../../../../../Users/CCame/Documents/Unreal Projects/GamesOne/Content/BP_LevelSelector.uasset" 611
"../../../../../Users/CCame/Documents/Unreal Projects/GamesOne/Content/StartLevel_BuiltData.uasset" 612
"../../../../../Users/CCame/Documents/Unreal Projects/GamesOne/Content/StartLevel.umap" 613
"../../../../../Users/CCame/Documents/Unreal Projects/GamesOne/Content/Meshes/Balloon_Cylinder.uasset" 614
"../../../../../Users/CCame/Documents/Unreal Projects/GamesOne/Content/BP_BalloonActor.uasset" 615
"../../../../../Users/CCame/Documents/Unreal Projects/GamesOne/Content/WinLevel_BuiltData.uasset" 616
"../../../../../Users/CCame/Documents/Unreal Projects/GamesOne/Content/WinLevel.umap" 617
"../../../../../Users/CCame/Documents/Unreal Projects/GamesOne/Content/AnimStarterPack/Crouch_Idle_Rifle_Hip.uasset" 618
"../../../../../Users/CCame/Documents/Unreal Projects/GamesOne/Content/AnimStarterPack/Crouch_Idle_Rifle_Ironsights.uasset" 619
"../../../../../Users/CCame/Documents/Unreal Projects/GamesOne/Content/AnimStarterPack/Crouch_Walk_Fwd_Rifle_Ironsights.uasset" 620
"../../../../../Users/CCame/Documents/Unreal Projects/GamesOne/Content/AnimStarterPack/Equip_Pistol_Standing.uasset" 621
"../../../../../Users/CCame/Documents/Unreal Projects/GamesOne/Content/AnimStarterPack/Fire_Rifle_Ironsights.uasset" 622
"../../../../../Users/CCame/Documents/Unreal Projects/GamesOne/Content/AnimStarterPack/Hit_React_1.uasset" 623
"../../../../../Users/CCame/Documents/Unreal Projects/GamesOne/Content/AnimStarterPack/Hit_React_2.uasset" 624
"../../../../../Users/CCame/Documents/Unreal Projects/GamesOne/Content/AnimStarterPack/Hit_React_3.uasset" 625
"../../../../../Users/CCame/Documents/Unreal Projects/GamesOne/Content/AnimStarterPack/Idle_Rifle_Hip_Break2.uasset" 626
"../../../../../Users/CCame/Documents/Unreal Projects/GamesOne/Content/AnimStarterPack/Reload_Rifle_Hip.uasset" 627
"../../../Engine/Content/TemplateResources/M_Template_Master.uasset" 628
"../../../Engine/Content/TemplateResources/MI_Template_BaseGray_03_Metal.uasset" 629
"../../../../../Users/CCame/Documents/Unreal Projects/GamesOne/Content/AnimStarterPack/Showcase.umap" 630
"../../../../../Users/CCame/Documents/Unreal Projects/GamesOne/Content/FPS_Weapon_Bundle/Weapons/Materials/Accessories/M_Scope_25x56_Lens_NoAlpha.uasset" 631
"../../../../../Users/CCame/Documents/Unreal Projects/GamesOne/Content/FPS_Weapon_Bundle/Weapons/Meshes/Accessories/SM_Scope_25x56_Y.uasset" 632
"../../../../../Users/CCame/Documents/Unreal Projects/GamesOne/Content/FPS_Weapon_Bundle/Weapons/Textures/Accessories/T_Suppressor5_ALB.uasset" 633
"../../../../../Users/CCame/Documents/Unreal Projects/GamesOne/Content/FPS_Weapon_Bundle/Weapons/Textures/Accessories/T_Suppressor5_M_MSK.uasset" 634
"../../../../../Users/CCame/Documents/Unreal Projects/GamesOne/Content/FPS_Weapon_Bundle/Weapons/Textures/Accessories/T_Suppressor5_NRM.uasset" 635
"../../../../../Users/CCame/Documents/Unreal Projects/GamesOne/Content/FPS_Weapon_Bundle/Weapons/Materials/Accessories/M_Suppressor5.uasset" 636
"../../../../../Users/CCame/Documents/Unreal Projects/GamesOne/Content/FPS_Weapon_Bundle/Weapons/Meshes/Accessories/SM_Suppressor5.uasset" 637
"../../../../../Users/CCame/Documents/Unreal Projects/GamesOne/Content/FPS_Weapon_Bundle/Weapons/Materials/RDS/M_RDS_Glass.uasset" 638
"../../../../../Users/CCame/Documents/Unreal Projects/GamesOne/Content/FPS_Weapon_Bundle/Weapons/Textures/Accessories/T_Tc4_ALB.uasset" 639
"../../../../../Users/CCame/Documents/Unreal Projects/GamesOne/Content/FPS_Weapon_Bundle/Weapons/Textures/Accessories/T_Tc4_M_MSK.uasset" 640
"../../../../../Users/CCame/Documents/Unreal Projects/GamesOne/Content/FPS_Weapon_Bundle/Weapons/Textures/Accessories/T_Tc4_NRM.uasset" 641
"../../../../../Users/CCame/Documents/Unreal Projects/GamesOne/Content/FPS_Weapon_Bundle/Weapons/Materials/Accessories/M_Tc4_Sight.uasset" 642
"../../../../../Users/CCame/Documents/Unreal Projects/GamesOne/Content/FPS_Weapon_Bundle/Weapons/Meshes/Accessories/SM_T4_Sight.uasset" 643
"../../../../../Users/CCame/Documents/Unreal Projects/GamesOne/Content/FPS_Weapon_Bundle/Weapons/Meshes/Accessories/SM_Vertgrip.uasset" 644
"../../../../../Users/CCame/Documents/Unreal Projects/GamesOne/Content/FPS_Weapon_Bundle/Weapons/Textures/Ammunition/T_12Gauge_ALB.uasset" 645
"../../../../../Users/CCame/Documents/Unreal Projects/GamesOne/Content/FPS_Weapon_Bundle/Weapons/Textures/Ammunition/T_12Gauge_M_MSK.uasset" 646
"../../../../../Users/CCame/Documents/Unreal Projects/GamesOne/Content/FPS_Weapon_Bundle/Weapons/Textures/Ammunition/T_12Gauge_NRM.uasset" 647
"../../../../../Users/CCame/Documents/Unreal Projects/GamesOne/Content/FPS_Weapon_Bundle/Weapons/Materials/Ammunition/M_Ammo_12gauge.uasset" 648
"../../../../../Users/CCame/Documents/Unreal Projects/GamesOne/Content/FPS_Weapon_Bundle/Weapons/Meshes/Ammunition/SM_Shell_12Gauge.uasset" 649
"../../../../../Users/CCame/Documents/Unreal Projects/GamesOne/Content/FPS_Weapon_Bundle/Weapons/Meshes/Ammunition/SM_Shell_12Gauge_Empty.uasset" 650
"../../../../../Users/CCame/Documents/Unreal Projects/GamesOne/Content/FPS_Weapon_Bundle/Weapons/Textures/Ammunition/T_40mm_Grenade_ALB.uasset" 651
"../../../../../Users/CCame/Documents/Unreal Projects/GamesOne/Content/FPS_Weapon_Bundle/Weapons/Textures/Ammunition/T_40mm_Grenade_M_MSK.uasset" 652
"../../../../../Users/CCame/Documents/Unreal Projects/GamesOne/Content/FPS_Weapon_Bundle/Weapons/Textures/Ammunition/T_40mm_Grenade_NRM.uasset" 653
"../../../../../Users/CCame/Documents/Unreal Projects/GamesOne/Content/FPS_Weapon_Bundle/Weapons/Materials/Ammunition/M_40mm_Grenade.uasset" 654
"../../../../../Users/CCame/Documents/Unreal Projects/GamesOne/Content/FPS_Weapon_Bundle/Weapons/Meshes/Ammunition/SM_Shell_40mm_G.uasset" 655
"../../../../../Users/CCame/Documents/Unreal Projects/GamesOne/Content/FPS_Weapon_Bundle/Weapons/Meshes/Ammunition/SM_Shell_40mm_G_Empty.uasset" 656
"../../../../../Users/CCame/Documents/Unreal Projects/GamesOne/Content/FPS_Weapon_Bundle/Weapons/Textures/Ammunition/T_45ap_ALB.uasset" 657
"../../../../../Users/CCame/Documents/Unreal Projects/GamesOne/Content/FPS_Weapon_Bundle/Weapons/Textures/Ammunition/T_45ap_M_MSK.uasset" 658
"../../../../../Users/CCame/Documents/Unreal Projects/GamesOne/Content/FPS_Weapon_Bundle/Weapons/Textures/Ammunition/T_45ap_NRM.uasset" 659
"../../../../../Users/CCame/Documents/Unreal Projects/GamesOne/Content/FPS_Weapon_Bundle/Weapons/Materials/Ammunition/M_45ap.uasset" 660
"../../../../../Users/CCame/Documents/Unreal Projects/GamesOne/Content/FPS_Weapon_Bundle/Weapons/Meshes/Ammunition/SM_Shell_45ap.uasset" 661
"../../../../../Users/CCame/Documents/Unreal Projects/GamesOne/Content/FPS_Weapon_Bundle/Weapons/Meshes/Ammunition/SM_Shell_45ap_Empty.uasset" 662
"../../../../../Users/CCame/Documents/Unreal Projects/GamesOne/Content/FPS_Weapon_Bundle/Weapons/Meshes/Ammunition/SM_Shell_545x39.uasset" 663
"../../../../../Users/CCame/Documents/Unreal Projects/GamesOne/Content/FPS_Weapon_Bundle/Weapons/Meshes/Ammunition/SM_Shell_556x45.uasset" 664
"../../../../../Users/CCame/Documents/Unreal Projects/GamesOne/Content/FPS_Weapon_Bundle/Weapons/Meshes/Ammunition/SM_Shell_556x45_Empty.uasset" 665
"../../../../../Users/CCame/Documents/Unreal Projects/GamesOne/Content/FPS_Weapon_Bundle/Weapons/Meshes/Ammunition/SM_Shell_762x39.uasset" 666
"../../../../../Users/CCame/Documents/Unreal Projects/GamesOne/Content/FPS_Weapon_Bundle/Weapons/Meshes/Ammunition/SM_Shell_762x39_Empty.uasset" 667
"../../../../../Users/CCame/Documents/Unreal Projects/GamesOne/Content/FPS_Weapon_Bundle/Weapons/Meshes/Ammunition/SM_Shell_762x51.uasset" 668
"../../../../../Users/CCame/Documents/Unreal Projects/GamesOne/Content/FPS_Weapon_Bundle/Weapons/Meshes/Ammunition/SM_Shell_762x51_Empty.uasset" 669
"../../../../../Users/CCame/Documents/Unreal Projects/GamesOne/Content/FPS_Weapon_Bundle/Weapons/Meshes/Ammunition/SM_Shell_9mm.uasset" 670
"../../../../../Users/CCame/Documents/Unreal Projects/GamesOne/Content/FPS_Weapon_Bundle/Weapons/Meshes/Ammunition/SM_Shell_9mm_Empty.uasset" 671
"../../../../../Users/CCame/Documents/Unreal Projects/GamesOne/Content/FPS_Weapon_Bundle/Weapons/Textures/Ammunition/T_9x18_ALB.uasset" 672
"../../../../../Users/CCame/Documents/Unreal Projects/GamesOne/Content/FPS_Weapon_Bundle/Weapons/Textures/Ammunition/T_9x18_M_MSK.uasset" 673
"../../../../../Users/CCame/Documents/Unreal Projects/GamesOne/Content/FPS_Weapon_Bundle/Weapons/Textures/Ammunition/T_9x18_NRM.uasset" 674
"../../../../../Users/CCame/Documents/Unreal Projects/GamesOne/Content/FPS_Weapon_Bundle/Weapons/Materials/Ammunition/M_9x18.uasset" 675
"../../../../../Users/CCame/Documents/Unreal Projects/GamesOne/Content/FPS_Weapon_Bundle/Weapons/Meshes/Ammunition/SM_Shell_9x18.uasset" 676
"../../../../../Users/CCame/Documents/Unreal Projects/GamesOne/Content/FPS_Weapon_Bundle/Weapons/Meshes/Ammunition/SM_Shell_9x18_Empty.uasset" 677
"../../../../../Users/CCame/Documents/Unreal Projects/GamesOne/Content/FPS_Weapon_Bundle/Weapons/Meshes/AR4/SM_AR4_Mag_Empty.uasset" 678
"../../../../../Users/CCame/Documents/Unreal Projects/GamesOne/Content/FPS_Weapon_Bundle/Weapons/Meshes/G67_Grenade/SK_G67_X_Physics.uasset" 679
"../../../../../Users/CCame/Documents/Unreal Projects/GamesOne/Content/FPS_Weapon_Bundle/Weapons/Meshes/G67_Grenade/SK_G67_X_Skeleton.uasset" 680
"../../../../../Users/CCame/Documents/Unreal Projects/GamesOne/Content/FPS_Weapon_Bundle/Weapons/Meshes/G67_Grenade/SK_G67_X.uasset" 681
"../../../../../Users/CCame/Documents/Unreal Projects/GamesOne/Content/FPS_Weapon_Bundle/Weapons/Meshes/Ka47/SK_KA47_Physics.uasset" 682
"../../../../../Users/CCame/Documents/Unreal Projects/GamesOne/Content/FPS_Weapon_Bundle/Weapons/Meshes/Ka47/SK_KA47_Skeleton.uasset" 683
"../../../../../Users/CCame/Documents/Unreal Projects/GamesOne/Content/FPS_Weapon_Bundle/Weapons/Meshes/Ka47/SK_KA47.uasset" 684
"../../../../../Users/CCame/Documents/Unreal Projects/GamesOne/Content/FPS_Weapon_Bundle/Weapons/Meshes/Ka47/SM_KA47_Mag.uasset" 685
"../../../../../Users/CCame/Documents/Unreal Projects/GamesOne/Content/FPS_Weapon_Bundle/Weapons/Meshes/Ka47/SM_KA47_Mag_Empty.uasset" 686
"../../../../../Users/CCame/Documents/Unreal Projects/GamesOne/Content/FPS_Weapon_Bundle/Weapons/Meshes/KA74U/SK_KA74U_Y_Physics.uasset" 687
"../../../../../Users/CCame/Documents/Unreal Projects/GamesOne/Content/FPS_Weapon_Bundle/Weapons/Meshes/KA74U/SK_KA74U_Y_Skeleton.uasset" 688
"../../../../../Users/CCame/Documents/Unreal Projects/GamesOne/Content/FPS_Weapon_Bundle/Weapons/Meshes/KA74U/SK_KA74U_Y.uasset" 689
"../../../../../Users/CCame/Documents/Unreal Projects/GamesOne/Content/FPS_Weapon_Bundle/Weapons/Meshes/KA74U/SM_KA74U_Mag_Empty_X.uasset" 690
"../../../../../Users/CCame/Documents/Unreal Projects/GamesOne/Content/FPS_Weapon_Bundle/Weapons/Meshes/KA74U/SM_KA74U_Mag_X.uasset" 691
"../../../../../Users/CCame/Documents/Unreal Projects/GamesOne/Content/FPS_Weapon_Bundle/Weapons/Meshes/KA_Val/SK_KA_Val_Y_Physics.uasset" 692
"../../../../../Users/CCame/Documents/Unreal Projects/GamesOne/Content/FPS_Weapon_Bundle/Weapons/Meshes/KA_Val/SK_KA_Val_Y_Skeleton.uasset" 693
"../../../../../Users/CCame/Documents/Unreal Projects/GamesOne/Content/FPS_Weapon_Bundle/Weapons/Meshes/KA_Val/SK_KA_Val_Y.uasset" 694
"../../../../../Users/CCame/Documents/Unreal Projects/GamesOne/Content/FPS_Weapon_Bundle/Weapons/Meshes/KA_Val/SM_KA_Val_MAG_Loaded_Y.uasset" 695
"../../../../../Users/CCame/Documents/Unreal Projects/GamesOne/Content/FPS_Weapon_Bundle/Weapons/Meshes/KA_Val/SM_KA_Val_Mag_Y.uasset" 696
"../../../../../Users/CCame/Documents/Unreal Projects/GamesOne/Content/FPS_Weapon_Bundle/Weapons/Meshes/M9_Knife/SK_M9_Knife_X_Physics.uasset" 697
"../../../../../Users/CCame/Documents/Unreal Projects/GamesOne/Content/FPS_Weapon_Bundle/Weapons/Meshes/M9_Knife/SK_M9_Knife_X_Skeleton.uasset" 698
"../../../../../Users/CCame/Documents/Unreal Projects/GamesOne/Content/FPS_Weapon_Bundle/Weapons/Meshes/M9_Knife/SK_M9_Knife_X.uasset" 699
"../../../../../Users/CCame/Documents/Unreal Projects/GamesOne/Content/FPS_Weapon_Bundle/Weapons/Meshes/SMG11/SK_SMG11_Nostock_Y_Physics.uasset" 700
"../../../../../Users/CCame/Documents/Unreal Projects/GamesOne/Content/FPS_Weapon_Bundle/Weapons/Meshes/SMG11/SK_SMG11_Nostock_Y_Skeleton.uasset" 701
"../../../../../Users/CCame/Documents/Unreal Projects/GamesOne/Content/FPS_Weapon_Bundle/Weapons/Meshes/SMG11/SK_SMG11_Nostock_Y.uasset" 702
"../../../../../Users/CCame/Documents/Unreal Projects/GamesOne/Content/FPS_Weapon_Bundle/Weapons/Meshes/SMG11/SK_SMG11_Y_Physics.uasset" 703
"../../../../../Users/CCame/Documents/Unreal Projects/GamesOne/Content/FPS_Weapon_Bundle/Weapons/Meshes/SMG11/SK_SMG11_Y_Skeleton.uasset" 704
"../../../../../Users/CCame/Documents/Unreal Projects/GamesOne/Content/FPS_Weapon_Bundle/Weapons/Meshes/SMG11/SK_SMG11_Y.uasset" 705
"../../../../../Users/CCame/Documents/Unreal Projects/GamesOne/Content/FPS_Weapon_Bundle/Weapons/Meshes/SMG11/SM_SMG11_Mag_Empty_X.uasset" 706
"../../../../../Users/CCame/Documents/Unreal Projects/GamesOne/Content/FPS_Weapon_Bundle/Weapons/Meshes/SMG11/SM_SMG11_Mag_X.uasset" 707
"../../../../../Users/CCame/Documents/Unreal Projects/GamesOne/Content/FPS_Weapon_Bundle/Maps/Weapons_Showcase.umap" 708
"../../../../../Users/CCame/Documents/Unreal Projects/GamesOne/Content/StarterContent/Blueprints/Assets/FogBrightnessLUT.uasset" 709
"../../../../../Users/CCame/Documents/Unreal Projects/GamesOne/Content/StarterContent/Blueprints/Assets/SunlightColorLUT.uasset" 710
"../../../../../Users/CCame/Documents/Unreal Projects/GamesOne/Content/StarterContent/Blueprints/Assets/M_LightStage_Arrows.uasset" 711
"../../../Engine/Content/MapTemplates/Sky/DaylightAmbientCubemap.uasset" 712
"../../../../../Users/CCame/Documents/Unreal Projects/GamesOne/Content/StarterContent/Blueprints/Assets/M_LightStage_Skybox_Master.uasset" 713
"../../../../../Users/CCame/Documents/Unreal Projects/GamesOne/Content/StarterContent/Blueprints/Assets/M_LightStage_Skybox_Black.uasset" 714
"../../../../../Users/CCame/Documents/Unreal Projects/GamesOne/Content/StarterContent/Blueprints/Assets/M_LightStage_Skybox_HDRI.uasset" 715
"../../../Engine/Content/EditorMaterials/Thumbnails/SkySphereMaterial.uasset" 716
"../../../../../Users/CCame/Documents/Unreal Projects/GamesOne/Content/StarterContent/Blueprints/Assets/Skybox.uasset" 717
"../../../../../Users/CCame/Documents/Unreal Projects/GamesOne/Content/StarterContent/Blueprints/Assets/SM_Arrows.uasset" 718
"../../../../../Users/CCame/Documents/Unreal Projects/GamesOne/Content/StarterContent/HDRI/HDRI_Epic_Courtyard_Daylight.uasset" 719
"../../../../../Users/CCame/Documents/Unreal Projects/GamesOne/Content/StarterContent/Blueprints/BP_LightStudio.uasset" 720
"../../../../../Users/CCame/Documents/Unreal Projects/GamesOne/Content/StarterContent/Maps/Advanced_Lighting_BuiltData.uasset" 721
"../../../../../Users/CCame/Documents/Unreal Projects/GamesOne/Content/StarterContent/Materials/M_AssetPlatform.uasset" 722
"../../../Engine/Content/EditorMeshes/ColorCalibrator/M_ChromeBall.uasset" 723
"../../../Engine/Content/EditorMeshes/ColorCalibrator/M_ClearCoat.uasset" 724
"../../../Engine/Content/EditorMeshes/ColorCalibrator/M_ClearCoatBlack.uasset" 725
"../../../Engine/Content/EditorMeshes/ColorCalibrator/Color_checker.uasset" 726
"../../../Engine/Content/EditorMeshes/ColorCalibrator/M_ColorGrid.uasset" 727
"../../../Engine/Content/EditorMeshes/ColorCalibrator/M_GreyBall.uasset" 728
"../../../Engine/Content/EditorMeshes/ColorCalibrator/SM_ColorCalibrator.uasset" 729
"../../../../../Users/CCame/Documents/Unreal Projects/GamesOne/Content/StarterContent/Architecture/SM_AssetPlatform.uasset" 730
"../../../../../Users/CCame/Documents/Unreal Projects/GamesOne/Content/StarterContent/Maps/Advanced_Lighting.umap" 731
"../../../../../Users/CCame/Documents/Unreal Projects/GamesOne/Content/StarterContent/Maps/Minimal_Default_BuiltData.uasset" 732
"../../../../../Users/CCame/Documents/Unreal Projects/GamesOne/Content/StarterContent/Materials/M_Metal_Brushed_Nickel.uasset" 733
"../../../../../Users/CCame/Documents/Unreal Projects/GamesOne/Content/StarterContent/Architecture/Floor_400x400.uasset" 734
"../../../../../Users/CCame/Documents/Unreal Projects/GamesOne/Content/StarterContent/Audio/Starter_Background_Cue.uasset" 735
"../../../../../Users/CCame/Documents/Unreal Projects/GamesOne/Content/StarterContent/Props/SM_Chair.uasset" 736
"../../../../../Users/CCame/Documents/Unreal Projects/GamesOne/Content/StarterContent/Textures/T_TableRound_M.uasset" 737
"../../../../../Users/CCame/Documents/Unreal Projects/GamesOne/Content/StarterContent/Textures/T_TableRound_N.uasset" 738
"../../../../../Users/CCame/Documents/Unreal Projects/GamesOne/Content/StarterContent/Props/Materials/M_TableRound.uasset" 739
"../../../../../Users/CCame/Documents/Unreal Projects/GamesOne/Content/StarterContent/Props/SM_TableRound.uasset" 740
"../../../../../Users/CCame/Documents/Unreal Projects/GamesOne/Content/StarterContent/Maps/Minimal_Default.umap" 741
"../../../../../Users/CCame/Documents/Unreal Projects/GamesOne/Content/StarterContent/Audio/Fire01_Cue.uasset" 742
"../../../../../Users/CCame/Documents/Unreal Projects/GamesOne/Content/StarterContent/Textures/T_Fire_SubUV.uasset" 743
"../../../../../Users/CCame/Documents/Unreal Projects/GamesOne/Content/StarterContent/Textures/T_Fire_Tiled_D.uasset" 744
"../../../../../Users/CCame/Documents/Unreal Projects/GamesOne/Content/StarterContent/Particles/Materials/M_Fire_SubUV.uasset" 745
"../../../../../Users/CCame/Documents/Unreal Projects/GamesOne/Content/StarterContent/Textures/T_Water_N.uasset" 746
"../../../../../Users/CCame/Documents/Unreal Projects/GamesOne/Content/StarterContent/Particles/Materials/M_Heat_Distortion.uasset" 747
"../../../../../Users/CCame/Documents/Unreal Projects/GamesOne/Content/StarterContent/Particles/Materials/M_Radial_Gradient.uasset" 748
"../../../../../Users/CCame/Documents/Unreal Projects/GamesOne/Content/StarterContent/Particles/P_Fire.uasset" 749
"../../../../../Users/CCame/Documents/Unreal Projects/GamesOne/Content/StarterContent/Blueprints/Blueprint_Effect_Fire.uasset" 750
"../../../../../Users/CCame/Documents/Unreal Projects/GamesOne/Content/StarterContent/Audio/Smoke01_Cue.uasset" 751
"../../../../../Users/CCame/Documents/Unreal Projects/GamesOne/Content/StarterContent/Particles/P_Smoke.uasset" 752
"../../../../../Users/CCame/Documents/Unreal Projects/GamesOne/Content/StarterContent/Blueprints/Blueprint_Effect_Smoke.uasset" 753
"../../../../../Users/CCame/Documents/Unreal Projects/GamesOne/Content/StarterContent/Audio/Fire_Sparks01_Cue.uasset" 754
"../../../../../Users/CCame/Documents/Unreal Projects/GamesOne/Content/StarterContent/Textures/T_Spark_Core.uasset" 755
"../../../../../Users/CCame/Documents/Unreal Projects/GamesOne/Content/StarterContent/Particles/Materials/M_Spark.uasset" 756
"../../../../../Users/CCame/Documents/Unreal Projects/GamesOne/Content/StarterContent/Particles/P_Sparks.uasset" 757
"../../../../../Users/CCame/Documents/Unreal Projects/GamesOne/Content/StarterContent/Blueprints/Blueprint_Effect_Sparks.uasset" 758
"../../../../../Users/CCame/Documents/Unreal Projects/GamesOne/Content/StarterContent/Audio/Steam01_Cue.uasset" 759
"../../../../../Users/CCame/Documents/Unreal Projects/GamesOne/Content/StarterContent/Particles/P_Steam_Lit.uasset" 760
"../../../../../Users/CCame/Documents/Unreal Projects/GamesOne/Content/StarterContent/Blueprints/Blueprint_Effect_Steam.uasset" 761
"../../../../../Users/CCame/Documents/Unreal Projects/GamesOne/Content/StarterContent/Textures/T_Lamp_M.uasset" 762
"../../../../../Users/CCame/Documents/Unreal Projects/GamesOne/Content/StarterContent/Textures/T_Lamp_N.uasset" 763
"../../../../../Users/CCame/Documents/Unreal Projects/GamesOne/Content/StarterContent/Props/Materials/M_Lamp.uasset" 764
"../../../../../Users/CCame/Documents/Unreal Projects/GamesOne/Content/StarterContent/Props/SM_Lamp_Ceiling.uasset" 765
"../../../../../Users/CCame/Documents/Unreal Projects/GamesOne/Content/StarterContent/Blueprints/Blueprint_CeilingLight.uasset" 766
"../../../../../Users/CCame/Documents/Unreal Projects/GamesOne/Content/StarterContent/Props/SM_Lamp_Wall.uasset" 767
"../../../../../Users/CCame/Documents/Unreal Projects/GamesOne/Content/StarterContent/Blueprints/Blueprint_WallSconce.uasset" 768
"../../../../../Users/CCame/Documents/Unreal Projects/GamesOne/Content/StarterContent/Maps/StarterMap_BuiltData.uasset" 769
"../../../Engine/Content/Functions/Engine_MaterialFunctions03/Procedurals/ComputeFilterWidth.uasset" 770
"../../../Engine/Content/EngineMaterials/AntiAliasedTextMaterialTranslucent.uasset" 771
"../../../../../Users/CCame/Documents/Unreal Projects/GamesOne/Content/StarterContent/Textures/T_Brick_Hewn_Stone_D.uasset" 772
"../../../../../Users/CCame/Documents/Unreal Projects/GamesOne/Content/StarterContent/Textures/T_Brick_Hewn_Stone_M.uasset" 773
"../../../../../Users/CCame/Documents/Unreal Projects/GamesOne/Content/StarterContent/Textures/T_Brick_Hewn_Stone_N.uasset" 774
"../../../../../Users/CCame/Documents/Unreal Projects/GamesOne/Content/StarterContent/Materials/M_Brick_Hewn_Stone.uasset" 775
"../../../../../Users/CCame/Documents/Unreal Projects/GamesOne/Content/StarterContent/Textures/T_CobbleStone_Pebble_D.uasset" 776
"../../../../../Users/CCame/Documents/Unreal Projects/GamesOne/Content/StarterContent/Textures/T_CobbleStone_Pebble_M.uasset" 777
"../../../../../Users/CCame/Documents/Unreal Projects/GamesOne/Content/StarterContent/Textures/T_CobbleStone_Pebble_N.uasset" 778
"../../../../../Users/CCame/Documents/Unreal Projects/GamesOne/Content/StarterContent/Materials/M_CobbleStone_Pebble.uasset" 779
"../../../../../Users/CCame/Documents/Unreal Projects/GamesOne/Content/StarterContent/Textures/T_CobbleStone_Rough_D.uasset" 780
"../../../../../Users/CCame/Documents/Unreal Projects/GamesOne/Content/StarterContent/Textures/T_CobbleStone_Rough_N.uasset" 781
"../../../../../Users/CCame/Documents/Unreal Projects/GamesOne/Content/StarterContent/Textures/T_Gradinet_01.uasset" 782
"../../../../../Users/CCame/Documents/Unreal Projects/GamesOne/Content/StarterContent/Textures/T_Rock_Smooth_Granite_D.uasset" 783
"../../../../../Users/CCame/Documents/Unreal Projects/GamesOne/Content/StarterContent/Materials/M_CobbleStone_Rough.uasset" 784
"../../../../../Users/CCame/Documents/Unreal Projects/GamesOne/Content/StarterContent/Textures/T_CobbleStone_Smooth_D.uasset" 785
"../../../../../Users/CCame/Documents/Unreal Projects/GamesOne/Content/StarterContent/Textures/T_CobbleStone_Smooth_M.uasset" 786
"../../../../../Users/CCame/Documents/Unreal Projects/GamesOne/Content/StarterContent/Textures/T_CobbleStone_Smooth_N.uasset" 787
"../../../../../Users/CCame/Documents/Unreal Projects/GamesOne/Content/StarterContent/Materials/M_CobbleStone_Smooth.uasset" 788
"../../../../../Users/CCame/Documents/Unreal Projects/GamesOne/Content/StarterContent/Textures/T_Concrete_Grime_D.uasset" 789
"../../../../../Users/CCame/Documents/Unreal Projects/GamesOne/Content/StarterContent/Materials/M_Concrete_Grime.uasset" 790
"../../../../../Users/CCame/Documents/Unreal Projects/GamesOne/Content/StarterContent/Textures/T_Ground_Grass_D.uasset" 791
"../../../../../Users/CCame/Documents/Unreal Projects/GamesOne/Content/StarterContent/Textures/T_Ground_Grass_N.uasset" 792
"../../../../../Users/CCame/Documents/Unreal Projects/GamesOne/Content/StarterContent/Materials/M_Ground_Grass.uasset" 793
"../../../../../Users/CCame/Documents/Unreal Projects/GamesOne/Content/StarterContent/Textures/T_Ground_Gravel_D.uasset" 794
"../../../../../Users/CCame/Documents/Unreal Projects/GamesOne/Content/StarterContent/Textures/T_Ground_Gravel_N.uasset" 795
"../../../../../Users/CCame/Documents/Unreal Projects/GamesOne/Content/StarterContent/Materials/M_Ground_Gravel.uasset" 796
"../../../../../Users/CCame/Documents/Unreal Projects/GamesOne/Content/StarterContent/Textures/T_ground_Moss_D.uasset" 797
"../../../../../Users/CCame/Documents/Unreal Projects/GamesOne/Content/StarterContent/Textures/T_Ground_Moss_N.uasset" 798
"../../../../../Users/CCame/Documents/Unreal Projects/GamesOne/Content/StarterContent/Materials/M_Ground_Moss.uasset" 799
"../../../../../Users/CCame/Documents/Unreal Projects/GamesOne/Content/StarterContent/Materials/M_Metal_Chrome.uasset" 800
"../../../../../Users/CCame/Documents/Unreal Projects/GamesOne/Content/StarterContent/Materials/M_Rock_Marble_Polished.uasset" 801
"../../../../../Users/CCame/Documents/Unreal Projects/GamesOne/Content/StarterContent/Textures/T_Checker_Noise_M.uasset" 802
"../../../../../Users/CCame/Documents/Unreal Projects/GamesOne/Content/StarterContent/Textures/T_Single_Tile_N.uasset" 803
"../../../../../Users/CCame/Documents/Unreal Projects/GamesOne/Content/StarterContent/Textures/T_Tech_Dot_M.uasset" 804
"../../../../../Users/CCame/Documents/Unreal Projects/GamesOne/Content/StarterContent/Textures/T_Tech_Dot_N.uasset" 805
"../../../../../Users/CCame/Documents/Unreal Projects/GamesOne/Content/StarterContent/Materials/M_Tech_Checker_Dot.uasset" 806
"../../../../../Users/CCame/Documents/Unreal Projects/GamesOne/Content/StarterContent/Materials/M_Tech_Hex_Tile_Pulse.uasset" 807
"../../../../../Users/CCame/Documents/Unreal Projects/GamesOne/Content/StarterContent/Textures/T_Tech_Panel_M.uasset" 808
"../../../../../Users/CCame/Documents/Unreal Projects/GamesOne/Content/StarterContent/Textures/T_Tech_Panel_N.uasset" 809
"../../../../../Users/CCame/Documents/Unreal Projects/GamesOne/Content/StarterContent/Materials/M_Tech_Panel.uasset" 810
"../../../../../Users/CCame/Documents/Unreal Projects/GamesOne/Content/StarterContent/Materials/M_Water_Lake.uasset" 811
"../../../../../Users/CCame/Documents/Unreal Projects/GamesOne/Content/StarterContent/Textures/T_Water_M.uasset" 812
"../../../../../Users/CCame/Documents/Unreal Projects/GamesOne/Content/StarterContent/Materials/M_Water_Ocean.uasset" 813
"../../../../../Users/CCame/Documents/Unreal Projects/GamesOne/Content/StarterContent/Materials/M_Wood_Floor_Walnut_Polished.uasset" 814
"../../../../../Users/CCame/Documents/Unreal Projects/GamesOne/Content/StarterContent/Architecture/Wall_400x200.uasset" 815
"../../../../../Users/CCame/Documents/Unreal Projects/GamesOne/Content/StarterContent/Architecture/Wall_Door_400x300.uasset" 816
"../../../../../Users/CCame/Documents/Unreal Projects/GamesOne/Content/StarterContent/Architecture/Wall_Window_400x300.uasset" 817
"../../../../../Users/CCame/Documents/Unreal Projects/GamesOne/Content/StarterContent/Audio/Collapse_Cue.uasset" 818
"../../../../../Users/CCame/Documents/Unreal Projects/GamesOne/Content/StarterContent/Audio/Starter_Music_Cue.uasset" 819
"../../../../../Users/CCame/Documents/Unreal Projects/GamesOne/Content/StarterContent/Textures/T_Dust_Particle_D.uasset" 820
"../../../../../Users/CCame/Documents/Unreal Projects/GamesOne/Content/StarterContent/Particles/Materials/M_Dust_Particle.uasset" 821
"../../../../../Users/CCame/Documents/Unreal Projects/GamesOne/Content/StarterContent/Particles/P_Ambient_Dust.uasset" 822
"../../../../../Users/CCame/Documents/Unreal Projects/GamesOne/Content/StarterContent/Props/MaterialSphere.uasset" 823
"../../../../../Users/CCame/Documents/Unreal Projects/GamesOne/Content/StarterContent/Textures/T_Frame_M.uasset" 824
"../../../../../Users/CCame/Documents/Unreal Projects/GamesOne/Content/StarterContent/Textures/T_Frame_N.uasset" 825
"../../../../../Users/CCame/Documents/Unreal Projects/GamesOne/Content/StarterContent/Props/Materials/M_Frame.uasset" 826
"../../../../../Users/CCame/Documents/Unreal Projects/GamesOne/Content/StarterContent/Props/SM_CornerFrame.uasset" 827
"../../../../../Users/CCame/Documents/Unreal Projects/GamesOne/Content/StarterContent/Props/SM_DoorFrame.uasset" 828
"../../../../../Users/CCame/Documents/Unreal Projects/GamesOne/Content/StarterContent/Props/SM_GlassWindow.uasset" 829
"../../../../../Users/CCame/Documents/Unreal Projects/GamesOne/Content/StarterContent/Props/SM_PillarFrame.uasset" 830
"../../../../../Users/CCame/Documents/Unreal Projects/GamesOne/Content/StarterContent/Props/SM_PillarFrame300.uasset" 831
"../../../../../Users/CCame/Documents/Unreal Projects/GamesOne/Content/StarterContent/Props/SM_WindowFrame.uasset" 832
"../../../../../Users/CCame/Documents/Unreal Projects/GamesOne/Content/StarterContent/Shapes/Shape_Cube.uasset" 833
"../../../../../Users/CCame/Documents/Unreal Projects/GamesOne/Content/StarterContent/Shapes/Shape_QuadPyramid.uasset" 834
"../../../../../Users/CCame/Documents/Unreal Projects/GamesOne/Content/StarterContent/Shapes/Shape_Sphere.uasset" 835
"../../../../../Users/CCame/Documents/Unreal Projects/GamesOne/Content/StarterContent/Maps/StarterMap.umap" 836
"../../../Engine/Content/Maps/Entry_BuiltData.uasset" 837
"../../../Engine/Content/Maps/Entry.umap" 838
